11:53:07.945 [main                     ] DEBUG Logger               - Configured Logger
11:53:07.971 [main                     ] DEBUG GameApplication      - Logging settings
Title: Untitled
Version: 0.0
Width: 1400
Height: 700
Fullscreen: false
Intro: false
Profiling: false
Single step:false
App Mode: DEVELOPER
Menu Key: ESCAPE
Stage Style: DECORATED
Scene Factory: class com.almasb.fxgl.app.scene.SceneFactory

11:53:08.385 [JavaFX Application Thread] DEBUG FXGLApplication      - Initializing FXGL
11:53:08.390 [JavaFX Application Thread] INFO  Engine               - FXGL-21.1 (27.03.2024 07.52) on WINDOWS (J:21.0.5 FX:21.0.1)
11:53:08.390 [JavaFX Application Thread] DEBUG Engine               - JRE Vendor Name: Eclipse Adoptium
11:53:08.391 [JavaFX Application Thread] DEBUG Engine               - Running on OS: Windows 10 version 10.0
11:53:08.391 [JavaFX Application Thread] DEBUG Engine               - Architecture: amd64
11:53:08.391 [JavaFX Application Thread] INFO  Engine               - Source code and latest versions at: https://github.com/AlmasB/FXGL
11:53:08.391 [JavaFX Application Thread] INFO  Engine               -       Ask questions and discuss at: https://github.com/AlmasB/FXGL/discussions
11:53:08.392 [JavaFX Application Thread] INFO  Engine               -              Join the FXGL chat at: https://gitter.im/AlmasB/FXGL
11:53:08.524 [JavaFX Application Thread] DEBUG PrimaryStageWindow   - Creating a JavaFX scene
11:53:08.524 [JavaFX Application Thread] DEBUG PrimaryStageWindow   - Target size > screen size
11:53:08.581 [JavaFX Application Thread] DEBUG PrimaryStageWindow   - Target settings size: 1400.0 x 700.0
11:53:08.581 [JavaFX Application Thread] DEBUG PrimaryStageWindow   - Scaled scene size:    1341.0 x 683.0
11:53:08.582 [JavaFX Application Thread] DEBUG PrimaryStageWindow   - Scaled ratio: (0.9578571428571429, 0.9757142857142858)
11:53:08.583 [JavaFX Application Thread] DEBUG PrimaryStageWindow   - Set initial scene to FXGLStartupScene
11:53:08.586 [JavaFX Application Thread] DEBUG PrimaryStageWindow   - Opening main window
11:53:08.686 [JavaFX Application Thread] DEBUG PrimaryStageWindow   - Window border size: (16.0, 39.0)
11:53:08.687 [JavaFX Application Thread] DEBUG PrimaryStageWindow   - Scaled size: 1341.0 x 683.0
11:53:08.687 [JavaFX Application Thread] DEBUG PrimaryStageWindow   - Scaled ratio: (0.9578571428571429, 0.9757142857142858)
11:53:08.687 [JavaFX Application Thread] DEBUG PrimaryStageWindow   - Scene size: 1341.0 x 683.0
11:53:08.688 [JavaFX Application Thread] DEBUG PrimaryStageWindow   - Stage size: 1357.0 x 722.0
11:53:08.698 [FXGL Background Thread 1 ] DEBUG Engine               - Initializing environment variables
11:53:08.796 [FXGL Background Thread 1 ] DEBUG FXGLAssetLoaderServi - User app class for loading assets: class GameSettings.ServerGameApp
11:53:08.797 [FXGL Background Thread 1 ] DEBUG GameApplicationServi - Applying CSS: fxgl_dark.css
11:53:08.800 [FXGL Background Thread 1 ] DEBUG FXGLAssetLoaderServi - Loading from file system: jar:file:/C:/Users/Usuario/.m2/repository/com/github/almasb/fxgl/21.1/fxgl-21.1.jar!/fxglassets/ui/css/fxgl_dark.css
11:53:08.870 [FXGL Background Thread 1 ] DEBUG GameApplicationServi - Initializing application scenes
11:53:08.936 [FXGL Background Thread 1 ] DEBUG GameWorld            - Game world initialized
11:53:09.077 [FXGL Background Thread 1 ] DEBUG PhysicsWorld         - Physics world initialized: appHeight=700, physics.ppm=50.0
11:53:09.077 [FXGL Background Thread 1 ] DEBUG PhysicsWorld         - Using strategy: BRUTE_FORCE
11:53:09.085 [FXGL Background Thread 1 ] DEBUG GameScene            - Game scene initialized: 1400x700
11:53:09.109 [FXGL Background Thread 1 ] DEBUG FXGL.DefaultMenu     - createMenuBodyGameMenu()
11:53:09.168 [FXGL Background Thread 1 ] DEBUG FXGL.DefaultMenu     - createOptionsMenu()
11:53:09.201 [FXGL Background Thread 1 ] DEBUG FXGLAssetLoaderServi - Loading from file system: jar:file:/C:/Users/Usuario/.m2/repository/com/github/almasb/fxgl/21.1/fxgl-21.1.jar!/fxglassets/textures/particles/smoke.png
11:53:09.567 [FXGL Background Thread 1 ] DEBUG FXGLAssetLoaderServi - Loading from file system: jar:file:/C:/Users/Usuario/.m2/repository/com/github/almasb/fxgl/21.1/fxgl-21.1.jar!/fxglassets/textures/particles/trace_horizontal.png
11:53:09.635 [FXGL Background Thread 1 ] DEBUG GameApplicationServi - Application scenes initialized
11:53:09.669 [FXGL Background Thread 1 ] DEBUG SystemBundleService  - Loading FXGL system data
11:53:09.679 [FXGL Background Thread 1 ] DEBUG FileSystemAccess     - Reading from: C:\Users\Usuario\OneDrive\Documentos\Game\system\fxgl.bundle
11:53:09.702 [FXGL Background Thread 1 ] DEBUG SystemBundleService  - Bundle FXGL: {}
11:53:09.702 [FXGL Background Thread 1 ] DEBUG UpdaterService       - Checking for updates
11:53:09.711 [FXGL Background Thread 4 ] DEBUG FXGLApplication      - Loading fonts
11:53:09.713 [FXGL Background Thread 4 ] DEBUG FXGLAssetLoaderServi - Loading from file system: jar:file:/C:/Users/Usuario/.m2/repository/com/github/almasb/fxgl/21.1/fxgl-21.1.jar!/fxglassets/ui/fonts/VarelaRound-Regular.ttf
11:53:09.714 [FXGL Background Thread 1 ] DEBUG FXGLApplication      - Loading default localization
11:53:09.716 [FXGL Background Thread 1 ] DEBUG FXGLAssetLoaderServi - Loading from file system: jar:file:/C:/Users/Usuario/.m2/repository/com/github/almasb/fxgl/21.1/fxgl-21.1.jar!/fxglassets/languages/english.lang
11:53:09.784 [FXGL Background Thread 1 ] INFO  FXGLApplication      - FXGL initialization took: 1.086 sec
11:53:09.789 [JavaFX Application Thread] DEBUG FXGLAssetLoaderServi - Loading from file system: jar:file:/C:/Users/Usuario/.m2/repository/com/github/almasb/fxgl/21.1/fxgl-21.1.jar!/fxglassets/textures/fxgl_icon.png
11:53:09.810 [FXGL Background Thread 4 ] DEBUG FXGLAssetLoaderServi - Loading from file system: jar:file:/C:/Users/Usuario/.m2/repository/com/github/almasb/fxgl/21.1/fxgl-21.1.jar!/fxglassets/ui/fonts/Abel-Regular.ttf
11:53:09.824 [FXGL Background Thread 4 ] DEBUG FXGLAssetLoaderServi - Loading from file system: jar:file:/C:/Users/Usuario/.m2/repository/com/github/almasb/fxgl/21.1/fxgl-21.1.jar!/fxglassets/ui/fonts/TerminalLandMono-Regular.otf
11:53:09.833 [FXGL Background Thread 4 ] DEBUG FXGLAssetLoaderServi - Loading from file system: jar:file:/C:/Users/Usuario/.m2/repository/com/github/almasb/fxgl/21.1/fxgl-21.1.jar!/fxglassets/ui/fonts/Courier-Prime.ttf
11:53:09.869 [JavaFX Application Thread] DEBUG FXGLAssetLoaderServi - Loading from file system: jar:file:/C:/Users/Usuario/.m2/repository/com/github/almasb/fxgl/21.1/fxgl-21.1.jar!/fxglassets/textures/fxgl_default_cursor.png
11:53:09.905 [JavaFX Application Thread] DEBUG Input                - Registered new binding: Screenshot - CTRL+8
11:53:09.907 [JavaFX Application Thread] DEBUG Input                - Registered new binding: System info dump - CTRL+9
11:53:09.908 [JavaFX Application Thread] DEBUG Input                - Registered new binding: Restart - CTRL+R
11:53:09.910 [JavaFX Application Thread] DEBUG Input                - Registered new binding: Toggle Debug Camera - CTRL+7
11:53:09.919 [JavaFX Application Thread] DEBUG LoopRunner           - Starting loop
11:53:09.919 [JavaFX Application Thread] DEBUG LoopRunner           - Initializing JavaFX AnimationTimerLoop
11:53:09.924 [JavaFX Application Thread] DEBUG GameApplicationServi - Starting new game
11:53:09.925 [JavaFX Application Thread] DEBUG Input                - Clearing active input actions
11:53:09.965 [JavaFX Application Thread] DEBUG GameApplicationServi - Removing overlay from FXGLStartupScene and adding to FXGLLoadingScene
11:53:09.966 [JavaFX Application Thread] DEBUG PrimaryStageWindow   - FXGLStartupScene -> FXGLLoadingScene
11:53:09.967 [JavaFX Application Thread] DEBUG GameApplicationServi - Clearing previous game
11:53:09.967 [JavaFX Application Thread] DEBUG GameScene            - Clearing game scene
11:53:09.967 [JavaFX Application Thread] DEBUG GameWorld            - Clearing game world
11:53:09.967 [JavaFX Application Thread] DEBUG PhysicsWorld         - Clearing physics world
11:53:09.971 [JavaFX Application Thread] DEBUG FXGLApplication      - Registering font factories with UI factory
11:53:09.971 [FXGL Background Thread 4 ] DEBUG FXGLApplication      - Initializing game
11:53:10.028 [FXGL Background Thread 4 ] DEBUG FXGLAssetLoaderServi - Loading from file system: file:/C:/Users/Usuario/OneDrive/Documentos/Game/target/classes/assets/textures/luz/luz_7_rojo.PNG
11:53:10.079 [FXGL Background Thread 4 ] DEBUG FXGLAssetLoaderServi - Loading from file system: file:/C:/Users/Usuario/OneDrive/Documentos/Game/target/classes/assets/textures/luz/luz_2_verde.PNG
11:53:10.118 [FXGL Background Thread 4 ] DEBUG FXGLAssetLoaderServi - Loading from file system: file:/C:/Users/Usuario/OneDrive/Documentos/Game/target/classes/assets/textures/luz/luz_masdos.png
11:53:10.161 [FXGL Background Thread 4 ] DEBUG FXGLAssetLoaderServi - Loading from file system: file:/C:/Users/Usuario/OneDrive/Documentos/Game/target/classes/assets/textures/luz/luz_8_verde.PNG
11:53:10.219 [FXGL Background Thread 4 ] DEBUG FXGLAssetLoaderServi - Loading from file system: file:/C:/Users/Usuario/OneDrive/Documentos/Game/target/classes/assets/textures/luz/luz_9_rojo.PNG
11:53:10.258 [FXGL Background Thread 4 ] DEBUG FXGLAssetLoaderServi - Loading from file system: file:/C:/Users/Usuario/OneDrive/Documentos/Game/target/classes/assets/textures/luz/luz_saltar_verde.PNG
11:53:10.318 [FXGL Background Thread 4 ] WARN  GameWorld            - Entity is already attached to world
11:53:10.345 [FXGL Background Thread 4 ] WARN  GameWorld            - Entity is already attached to world
11:53:10.347 [FXGL Background Thread 4 ] WARN  GameWorld            - Entity is already attached to world
11:53:10.348 [FXGL Background Thread 4 ] WARN  GameWorld            - Entity is already attached to world
11:53:10.350 [FXGL Background Thread 4 ] WARN  GameWorld            - Entity is already attached to world
11:53:10.352 [FXGL Background Thread 4 ] WARN  GameWorld            - Entity is already attached to world
11:53:10.354 [FXGL Background Thread 4 ] WARN  GameWorld            - Entity is already attached to world
11:53:10.356 [FXGL Background Thread 4 ] INFO  FXGLApplication      - Game initialization took: 0.385 sec
11:53:10.394 [JavaFX Application Thread] DEBUG Input                - Clearing active input actions
11:53:10.420 [JavaFX Application Thread] DEBUG GameApplicationServi - Removing overlay from FXGLLoadingScene and adding to GameScene
11:53:10.421 [JavaFX Application Thread] DEBUG PrimaryStageWindow   - FXGLLoadingScene -> GameScene
11:53:12.708 [FXGL Background Thread 3 ] DEBUG Engine               - Logging environment variables
11:53:12.709 [FXGL Background Thread 3 ] DEBUG Engine               - achievements: []
11:53:12.710 [FXGL Background Thread 3 ] DEBUG Engine               - actualHeight: 683.0
11:53:12.710 [FXGL Background Thread 3 ] DEBUG Engine               - actualHeightProperty: ReadOnlyDoubleProperty [value: 683.0]
11:53:12.710 [FXGL Background Thread 3 ] DEBUG Engine               - actualWidth: 1341.0
11:53:12.710 [FXGL Background Thread 3 ] DEBUG Engine               - actualWidthProperty: ReadOnlyDoubleProperty [value: 1341.0]
11:53:12.710 [FXGL Background Thread 3 ] DEBUG Engine               - appIcon: fxgl_icon.png
11:53:12.710 [FXGL Background Thread 3 ] DEBUG Engine               - applicationMode: DEVELOPER
11:53:12.711 [FXGL Background Thread 3 ] DEBUG Engine               - cSSList: [fxgl_dark.css]
11:53:12.711 [FXGL Background Thread 3 ] DEBUG Engine               - collisionDetectionStrategy: BRUTE_FORCE
11:53:12.711 [FXGL Background Thread 3 ] DEBUG Engine               - configClass: Optional.empty
11:53:12.711 [FXGL Background Thread 3 ] DEBUG Engine               - credits: []
11:53:12.712 [FXGL Background Thread 3 ] DEBUG Engine               - defaultCursor: CursorInfo(imageName=fxgl_default_cursor.png, hotspotX=7.0, hotspotY=6.0)
11:53:12.712 [FXGL Background Thread 3 ] DEBUG Engine               - devBBoxColorProperty: ObjectProperty [value: 0xff0000ff]
11:53:12.712 [FXGL Background Thread 3 ] DEBUG Engine               - devEnableDebugCameraProperty: BooleanProperty [value: false]
11:53:12.713 [FXGL Background Thread 3 ] DEBUG Engine               - devSensorColorProperty: ObjectProperty [value: 0xffff00ff]
11:53:12.713 [FXGL Background Thread 3 ] DEBUG Engine               - devShowBBoxProperty: BooleanProperty [value: false]
11:53:12.713 [FXGL Background Thread 3 ] DEBUG Engine               - devShowPositionProperty: BooleanProperty [value: false]
11:53:12.713 [FXGL Background Thread 3 ] DEBUG Engine               - enabledMenuItems: []
11:53:12.713 [FXGL Background Thread 3 ] DEBUG Engine               - engineServices: [class com.almasb.fxgl.app.services.FXGLAssetLoaderService, class com.almasb.fxgl.app.FXGLApplication$GameApplicationService, class com.almasb.fxgl.app.services.FXGLDialogService, class com.almasb.fxgl.app.services.IOTaskExecutorService, class com.almasb.fxgl.io.FileSystemService, class com.almasb.fxgl.localization.LocalizationService, class com.almasb.fxgl.app.services.SystemBundleService, class com.almasb.fxgl.profile.SaveLoadService, class com.almasb.fxgl.ui.FXGLUIFactoryServiceProvider, class com.almasb.fxgl.ui.FXGLDialogFactoryServiceProvider, class com.almasb.fxgl.audio.AudioPlayer, class com.almasb.fxgl.notification.impl.NotificationServiceProvider, class com.almasb.fxgl.achievement.AchievementService, class com.almasb.fxgl.cutscene.CutsceneService, class com.almasb.fxgl.minigames.MiniGameService, class com.almasb.fxgl.net.NetService, class com.almasb.fxgl.app.services.UpdaterService, class com.almasb.fxgl.dev.DevService]
11:53:12.713 [FXGL Background Thread 3 ] DEBUG Engine               - fontGame: Abel-Regular.ttf
11:53:12.714 [FXGL Background Thread 3 ] DEBUG Engine               - fontMono: TerminalLandMono-Regular.otf
11:53:12.714 [FXGL Background Thread 3 ] DEBUG Engine               - fontSizeScaleUI: 1.0
11:53:12.714 [FXGL Background Thread 3 ] DEBUG Engine               - fontText: Courier-Prime.ttf
11:53:12.714 [FXGL Background Thread 3 ] DEBUG Engine               - fontUI: VarelaRound-Regular.ttf
11:53:12.714 [FXGL Background Thread 3 ] DEBUG Engine               - fullScreen: BooleanProperty [value: false]
11:53:12.715 [FXGL Background Thread 3 ] DEBUG Engine               - gameDifficulty: MEDIUM
11:53:12.715 [FXGL Background Thread 3 ] DEBUG Engine               - gameDifficultyProperty: ObjectProperty [value: MEDIUM]
11:53:12.715 [FXGL Background Thread 3 ] DEBUG Engine               - globalMusicVolume: 0.5
11:53:12.715 [FXGL Background Thread 3 ] DEBUG Engine               - globalMusicVolumeProperty: DoubleProperty [value: 0.5]
11:53:12.715 [FXGL Background Thread 3 ] DEBUG Engine               - globalSoundVolume: 0.5
11:53:12.715 [FXGL Background Thread 3 ] DEBUG Engine               - globalSoundVolumeProperty: DoubleProperty [value: 0.5]
11:53:12.716 [FXGL Background Thread 3 ] DEBUG Engine               - height: 700
11:53:12.716 [FXGL Background Thread 3 ] DEBUG Engine               - is3D: false
11:53:12.716 [FXGL Background Thread 3 ] DEBUG Engine               - isAndroid: false
11:53:12.716 [FXGL Background Thread 3 ] DEBUG Engine               - isBrowser: false
11:53:12.716 [FXGL Background Thread 3 ] DEBUG Engine               - isClickFeedbackEnabled: false
11:53:12.716 [FXGL Background Thread 3 ] DEBUG Engine               - isCloseConfirmation: false
11:53:12.717 [FXGL Background Thread 3 ] DEBUG Engine               - isDesktop: true
11:53:12.717 [FXGL Background Thread 3 ] DEBUG Engine               - isDeveloperMenuEnabled: false
11:53:12.717 [FXGL Background Thread 3 ] DEBUG Engine               - isEmbedded: false
11:53:12.717 [FXGL Background Thread 3 ] DEBUG Engine               - isEntityPreloadEnabled: true
11:53:12.717 [FXGL Background Thread 3 ] DEBUG Engine               - isExperimentalTiledLargeMap: false
11:53:12.717 [FXGL Background Thread 3 ] DEBUG Engine               - isFileSystemWriteAllowed: true
11:53:12.717 [FXGL Background Thread 3 ] DEBUG Engine               - isFullScreenAllowed: false
11:53:12.718 [FXGL Background Thread 3 ] DEBUG Engine               - isFullScreenFromStart: false
11:53:12.718 [FXGL Background Thread 3 ] DEBUG Engine               - isGameMenuEnabled: true
11:53:12.718 [FXGL Background Thread 3 ] DEBUG Engine               - isIOS: false
11:53:12.718 [FXGL Background Thread 3 ] DEBUG Engine               - isIntroEnabled: false
11:53:12.718 [FXGL Background Thread 3 ] DEBUG Engine               - isLinux: false
11:53:12.718 [FXGL Background Thread 3 ] DEBUG Engine               - isMac: false
11:53:12.718 [FXGL Background Thread 3 ] DEBUG Engine               - isMainMenuEnabled: false
11:53:12.719 [FXGL Background Thread 3 ] DEBUG Engine               - isManualResizeEnabled: false
11:53:12.719 [FXGL Background Thread 3 ] DEBUG Engine               - isMobile: false
11:53:12.719 [FXGL Background Thread 3 ] DEBUG Engine               - isNative: false
11:53:12.719 [FXGL Background Thread 3 ] DEBUG Engine               - isPauseMusicWhenMinimized: true
11:53:12.719 [FXGL Background Thread 3 ] DEBUG Engine               - isPreserveResizeRatio: false
11:53:12.719 [FXGL Background Thread 3 ] DEBUG Engine               - isProfilingEnabled: false
11:53:12.719 [FXGL Background Thread 3 ] DEBUG Engine               - isScaleAffectedOnResize: true
11:53:12.719 [FXGL Background Thread 3 ] DEBUG Engine               - isSingleStep: false
11:53:12.719 [FXGL Background Thread 3 ] DEBUG Engine               - isUserProfileEnabled: false
11:53:12.719 [FXGL Background Thread 3 ] DEBUG Engine               - isWindows: true
11:53:12.720 [FXGL Background Thread 3 ] DEBUG Engine               - language: ObjectProperty [value: ENGLISH]
11:53:12.720 [FXGL Background Thread 3 ] DEBUG Engine               - menuKey: ESCAPE
11:53:12.720 [FXGL Background Thread 3 ] DEBUG Engine               - mouseSensitivity: 0.2
11:53:12.720 [FXGL Background Thread 3 ] DEBUG Engine               - notificationViewClass: class com.almasb.fxgl.notification.view.XboxNotificationView
11:53:12.720 [FXGL Background Thread 3 ] DEBUG Engine               - pixelsPerMeter: 50.0
11:53:12.720 [FXGL Background Thread 3 ] DEBUG Engine               - platform: WINDOWS
11:53:12.720 [FXGL Background Thread 3 ] DEBUG Engine               - prefHeightProperty: ReadOnlyDoubleProperty [value: 700.0]
11:53:12.720 [FXGL Background Thread 3 ] DEBUG Engine               - prefWidthProperty: ReadOnlyDoubleProperty [value: 1400.0]
11:53:12.720 [FXGL Background Thread 3 ] DEBUG Engine               - profileDir: profiles/
11:53:12.721 [FXGL Background Thread 3 ] DEBUG Engine               - profileName: StringProperty [value: DEFAULT]
11:53:12.721 [FXGL Background Thread 3 ] DEBUG Engine               - randomSeed: -1
11:53:12.721 [FXGL Background Thread 3 ] DEBUG Engine               - runtimeInfo: RuntimeInfo(platform=WINDOWS, version=21.1, build=27.03.2024 07.52)
11:53:12.721 [FXGL Background Thread 3 ] DEBUG Engine               - saveFileExt: sav
11:53:12.722 [FXGL Background Thread 3 ] DEBUG Engine               - scaledHeightProp$fxgl: DoubleProperty [bound, value: 683.0]
11:53:12.722 [FXGL Background Thread 3 ] DEBUG Engine               - scaledWidthProp$fxgl: DoubleProperty [bound, value: 1341.0]
11:53:12.722 [FXGL Background Thread 3 ] DEBUG Engine               - sceneFactory: com.almasb.fxgl.app.scene.SceneFactory@523c1b3c
11:53:12.722 [FXGL Background Thread 3 ] DEBUG Engine               - secondsIn24h: 60
11:53:12.722 [FXGL Background Thread 3 ] DEBUG Engine               - soundMenuBack: menu/back.wav
11:53:12.722 [FXGL Background Thread 3 ] DEBUG Engine               - soundMenuPress: menu/press.wav
11:53:12.722 [FXGL Background Thread 3 ] DEBUG Engine               - soundMenuSelect: menu/select.wav
11:53:12.722 [FXGL Background Thread 3 ] DEBUG Engine               - soundNotification: core/notification.wav
11:53:12.722 [FXGL Background Thread 3 ] DEBUG Engine               - stageStyle: DECORATED
11:53:12.723 [FXGL Background Thread 3 ] DEBUG Engine               - supportedLanguages: [ENGLISH, FRENCH, GERMAN, HUNGARIAN, RUSSIAN]
11:53:12.723 [FXGL Background Thread 3 ] DEBUG Engine               - ticksPerSecond: -1
11:53:12.723 [FXGL Background Thread 3 ] DEBUG Engine               - title: Untitled
11:53:12.723 [FXGL Background Thread 3 ] DEBUG Engine               - urlGithub: https://github.com/AlmasB/FXGL
11:53:12.723 [FXGL Background Thread 3 ] DEBUG Engine               - urlLeaderboard: http://fxgl-top.herokuapp.com/
11:53:12.723 [FXGL Background Thread 3 ] DEBUG Engine               - urlPOM: https://raw.githubusercontent.com/AlmasB/FXGL/release/README.md
11:53:12.723 [FXGL Background Thread 3 ] DEBUG Engine               - userAppClass: class GameSettings.ServerGameApp
11:53:12.723 [FXGL Background Thread 3 ] DEBUG Engine               - version: 0.0
11:53:12.723 [FXGL Background Thread 3 ] DEBUG Engine               - versionCheckDays: 7
11:53:12.724 [FXGL Background Thread 3 ] DEBUG Engine               - width: 1400
11:53:12.724 [FXGL Background Thread 3 ] DEBUG Engine               - Logging services
11:53:12.724 [FXGL Background Thread 3 ] DEBUG Engine               - class com.almasb.fxgl.app.services.FXGLAssetLoaderService
11:53:12.724 [FXGL Background Thread 3 ] DEBUG Engine               - class com.almasb.fxgl.app.FXGLApplication$GameApplicationService
11:53:12.724 [FXGL Background Thread 3 ] DEBUG Engine               - class com.almasb.fxgl.app.services.FXGLDialogService
11:53:12.724 [FXGL Background Thread 3 ] DEBUG Engine               - class com.almasb.fxgl.app.services.IOTaskExecutorService
11:53:12.724 [FXGL Background Thread 3 ] DEBUG Engine               - class com.almasb.fxgl.io.FileSystemService
11:53:12.724 [FXGL Background Thread 3 ] DEBUG Engine               - class com.almasb.fxgl.localization.LocalizationService
11:53:12.724 [FXGL Background Thread 3 ] DEBUG Engine               - class com.almasb.fxgl.app.services.SystemBundleService
11:53:12.724 [FXGL Background Thread 3 ] DEBUG Engine               - class com.almasb.fxgl.profile.SaveLoadService
11:53:12.725 [FXGL Background Thread 3 ] DEBUG Engine               - class com.almasb.fxgl.ui.FXGLUIFactoryServiceProvider
11:53:12.725 [FXGL Background Thread 3 ] DEBUG Engine               - class com.almasb.fxgl.ui.FXGLDialogFactoryServiceProvider
11:53:12.725 [FXGL Background Thread 3 ] DEBUG Engine               - class com.almasb.fxgl.audio.AudioPlayer
11:53:12.725 [FXGL Background Thread 3 ] DEBUG Engine               - class com.almasb.fxgl.notification.impl.NotificationServiceProvider
11:53:12.725 [FXGL Background Thread 3 ] DEBUG Engine               - class com.almasb.fxgl.achievement.AchievementService
11:53:12.725 [FXGL Background Thread 3 ] DEBUG Engine               - class com.almasb.fxgl.cutscene.CutsceneService
11:53:12.725 [FXGL Background Thread 3 ] DEBUG Engine               - class com.almasb.fxgl.minigames.MiniGameService
11:53:12.725 [FXGL Background Thread 3 ] DEBUG Engine               - class com.almasb.fxgl.net.NetService
11:53:12.725 [FXGL Background Thread 3 ] DEBUG Engine               - class com.almasb.fxgl.app.services.UpdaterService
11:53:12.725 [FXGL Background Thread 3 ] DEBUG Engine               - class com.almasb.fxgl.dev.DevService
11:53:14.191 [JavaFX Application Thread] DEBUG FXGLApplication      - Exiting FXGL
11:53:14.192 [JavaFX Application Thread] DEBUG LoopRunner           - Stopping loop
11:53:14.192 [JavaFX Application Thread] DEBUG SystemBundleService  - Saving FXGL system data
11:53:14.201 [JavaFX Application Thread] DEBUG FileSystemAccess     - Writing to: C:\Users\Usuario\OneDrive\Documentos\Game\system\fxgl.bundle
11:53:14.210 [JavaFX Application Thread] DEBUG Async                - Shutting down background threads
11:53:14.211 [JavaFX Application Thread] DEBUG PrimaryStageWindow   - Closing main window
11:53:14.250 [JavaFX Application Thread] DEBUG Logger               - Closing Logger
