22:16:42.913 [main                     ] DEBUG Logger               - Configured Logger
22:16:42.965 [main                     ] DEBUG GameApplication      - Logging settings
Title: Untitled
Version: 0.0
Width: 1400
Height: 700
Fullscreen: false
Intro: false
Profiling: false
Single step:false
App Mode: DEVELOPER
Menu Key: ESCAPE
Stage Style: DECORATED
Scene Factory: class com.almasb.fxgl.app.scene.SceneFactory

22:16:43.889 [JavaFX Application Thread] DEBUG FXGLApplication      - Initializing FXGL
22:16:43.899 [JavaFX Application Thread] INFO  Engine               - FXGL-21.1 (27.03.2024 07.52) on WINDOWS (J:21.0.5 FX:21.0.1)
22:16:43.900 [JavaFX Application Thread] DEBUG Engine               - JRE Vendor Name: Eclipse Adoptium
22:16:43.901 [JavaFX Application Thread] DEBUG Engine               - Running on OS: Windows 10 version 10.0
22:16:43.901 [JavaFX Application Thread] DEBUG Engine               - Architecture: amd64
22:16:43.902 [JavaFX Application Thread] INFO  Engine               - Source code and latest versions at: https://github.com/AlmasB/FXGL
22:16:43.903 [JavaFX Application Thread] INFO  Engine               -       Ask questions and discuss at: https://github.com/AlmasB/FXGL/discussions
22:16:43.904 [JavaFX Application Thread] INFO  Engine               -              Join the FXGL chat at: https://gitter.im/AlmasB/FXGL
22:16:44.214 [JavaFX Application Thread] DEBUG PrimaryStageWindow   - Creating a JavaFX scene
22:16:44.215 [JavaFX Application Thread] DEBUG PrimaryStageWindow   - Target size > screen size
22:16:44.338 [JavaFX Application Thread] DEBUG PrimaryStageWindow   - Target settings size: 1400.0 x 700.0
22:16:44.338 [JavaFX Application Thread] DEBUG PrimaryStageWindow   - Scaled scene size:    1341.0 x 683.0
22:16:44.339 [JavaFX Application Thread] DEBUG PrimaryStageWindow   - Scaled ratio: (0.9578571428571429, 0.9757142857142858)
22:16:44.341 [JavaFX Application Thread] DEBUG PrimaryStageWindow   - Set initial scene to FXGLStartupScene
22:16:44.348 [JavaFX Application Thread] DEBUG PrimaryStageWindow   - Opening main window
22:16:44.572 [JavaFX Application Thread] DEBUG PrimaryStageWindow   - Window border size: (16.0, 39.0)
22:16:44.573 [JavaFX Application Thread] DEBUG PrimaryStageWindow   - Scaled size: 1341.0 x 683.0
22:16:44.574 [JavaFX Application Thread] DEBUG PrimaryStageWindow   - Scaled ratio: (0.9578571428571429, 0.9757142857142858)
22:16:44.574 [JavaFX Application Thread] DEBUG PrimaryStageWindow   - Scene size: 1341.0 x 683.0
22:16:44.574 [JavaFX Application Thread] DEBUG PrimaryStageWindow   - Stage size: 1357.0 x 722.0
22:16:44.598 [FXGL Background Thread 1 ] DEBUG Engine               - Initializing environment variables
22:16:44.751 [FXGL Background Thread 1 ] DEBUG FXGLAssetLoaderServi - User app class for loading assets: class GameSettings.GameApp
22:16:44.751 [FXGL Background Thread 1 ] DEBUG GameApplicationServi - Applying CSS: fxgl_dark.css
22:16:44.753 [FXGL Background Thread 1 ] DEBUG FXGLAssetLoaderServi - Loading from file system: jar:file:/C:/Users/Usuario/.m2/repository/com/github/almasb/fxgl/21.1/fxgl-21.1.jar!/fxglassets/ui/css/fxgl_dark.css
22:16:44.875 [FXGL Background Thread 1 ] DEBUG GameApplicationServi - Initializing application scenes
22:16:44.965 [FXGL Background Thread 1 ] DEBUG GameWorld            - Game world initialized
22:16:45.156 [FXGL Background Thread 1 ] DEBUG PhysicsWorld         - Physics world initialized: appHeight=700, physics.ppm=50.0
22:16:45.157 [FXGL Background Thread 1 ] DEBUG PhysicsWorld         - Using strategy: BRUTE_FORCE
22:16:45.167 [FXGL Background Thread 1 ] DEBUG GameScene            - Game scene initialized: 1400x700
22:16:45.201 [FXGL Background Thread 1 ] DEBUG FXGL.DefaultMenu     - createMenuBodyGameMenu()
22:16:45.240 [FXGL Background Thread 1 ] DEBUG FXGL.DefaultMenu     - createOptionsMenu()
22:16:45.265 [FXGL Background Thread 1 ] DEBUG FXGLAssetLoaderServi - Loading from file system: jar:file:/C:/Users/Usuario/.m2/repository/com/github/almasb/fxgl/21.1/fxgl-21.1.jar!/fxglassets/textures/particles/smoke.png
22:16:45.560 [FXGL Background Thread 1 ] DEBUG FXGLAssetLoaderServi - Loading from file system: jar:file:/C:/Users/Usuario/.m2/repository/com/github/almasb/fxgl/21.1/fxgl-21.1.jar!/fxglassets/textures/particles/trace_horizontal.png
22:16:45.642 [FXGL Background Thread 1 ] DEBUG GameApplicationServi - Application scenes initialized
22:16:45.676 [FXGL Background Thread 1 ] DEBUG SystemBundleService  - Loading FXGL system data
22:16:45.686 [FXGL Background Thread 1 ] DEBUG FileSystemAccess     - Reading from: C:\Users\Usuario\OneDrive\Documentos\Game\system\fxgl.bundle
22:16:45.706 [FXGL Background Thread 1 ] DEBUG SystemBundleService  - Bundle FXGL: {}
22:16:45.707 [FXGL Background Thread 1 ] DEBUG UpdaterService       - Checking for updates
22:16:45.715 [FXGL Background Thread 4 ] DEBUG FXGLApplication      - Loading fonts
22:16:45.717 [FXGL Background Thread 4 ] DEBUG FXGLAssetLoaderServi - Loading from file system: jar:file:/C:/Users/Usuario/.m2/repository/com/github/almasb/fxgl/21.1/fxgl-21.1.jar!/fxglassets/ui/fonts/VarelaRound-Regular.ttf
22:16:45.718 [FXGL Background Thread 1 ] DEBUG FXGLApplication      - Loading default localization
22:16:45.719 [FXGL Background Thread 1 ] DEBUG FXGLAssetLoaderServi - Loading from file system: jar:file:/C:/Users/Usuario/.m2/repository/com/github/almasb/fxgl/21.1/fxgl-21.1.jar!/fxglassets/languages/english.lang
22:16:45.777 [FXGL Background Thread 1 ] INFO  FXGLApplication      - FXGL initialization took: 1.178 sec
22:16:45.785 [JavaFX Application Thread] DEBUG FXGLAssetLoaderServi - Loading from file system: jar:file:/C:/Users/Usuario/.m2/repository/com/github/almasb/fxgl/21.1/fxgl-21.1.jar!/fxglassets/textures/fxgl_icon.png
22:16:45.817 [FXGL Background Thread 4 ] DEBUG FXGLAssetLoaderServi - Loading from file system: jar:file:/C:/Users/Usuario/.m2/repository/com/github/almasb/fxgl/21.1/fxgl-21.1.jar!/fxglassets/ui/fonts/Abel-Regular.ttf
22:16:45.824 [FXGL Background Thread 4 ] DEBUG FXGLAssetLoaderServi - Loading from file system: jar:file:/C:/Users/Usuario/.m2/repository/com/github/almasb/fxgl/21.1/fxgl-21.1.jar!/fxglassets/ui/fonts/TerminalLandMono-Regular.otf
22:16:45.832 [FXGL Background Thread 4 ] DEBUG FXGLAssetLoaderServi - Loading from file system: jar:file:/C:/Users/Usuario/.m2/repository/com/github/almasb/fxgl/21.1/fxgl-21.1.jar!/fxglassets/ui/fonts/Courier-Prime.ttf
22:16:45.862 [JavaFX Application Thread] DEBUG FXGLAssetLoaderServi - Loading from file system: jar:file:/C:/Users/Usuario/.m2/repository/com/github/almasb/fxgl/21.1/fxgl-21.1.jar!/fxglassets/textures/fxgl_default_cursor.png
22:16:45.900 [JavaFX Application Thread] DEBUG Input                - Registered new binding: Screenshot - CTRL+8
22:16:45.902 [JavaFX Application Thread] DEBUG Input                - Registered new binding: System info dump - CTRL+9
22:16:45.903 [JavaFX Application Thread] DEBUG Input                - Registered new binding: Restart - CTRL+R
22:16:45.905 [JavaFX Application Thread] DEBUG Input                - Registered new binding: Toggle Debug Camera - CTRL+7
22:16:45.913 [JavaFX Application Thread] DEBUG LoopRunner           - Starting loop
22:16:45.913 [JavaFX Application Thread] DEBUG LoopRunner           - Initializing JavaFX AnimationTimerLoop
22:16:45.918 [JavaFX Application Thread] DEBUG GameApplicationServi - Starting new game
22:16:45.919 [JavaFX Application Thread] DEBUG Input                - Clearing active input actions
22:16:45.956 [JavaFX Application Thread] DEBUG GameApplicationServi - Removing overlay from FXGLStartupScene and adding to FXGLLoadingScene
22:16:45.957 [JavaFX Application Thread] DEBUG PrimaryStageWindow   - FXGLStartupScene -> FXGLLoadingScene
22:16:45.957 [JavaFX Application Thread] DEBUG GameApplicationServi - Clearing previous game
22:16:45.958 [JavaFX Application Thread] DEBUG GameScene            - Clearing game scene
22:16:45.958 [JavaFX Application Thread] DEBUG GameWorld            - Clearing game world
22:16:45.959 [JavaFX Application Thread] DEBUG PhysicsWorld         - Clearing physics world
22:16:45.964 [JavaFX Application Thread] DEBUG FXGLApplication      - Registering font factories with UI factory
22:16:45.964 [FXGL Background Thread 4 ] DEBUG FXGLApplication      - Initializing game
22:16:46.005 [FXGL Background Thread 4 ] DEBUG FXGLAssetLoaderServi - Loading from file system: file:/C:/Users/Usuario/OneDrive/Documentos/Game/target/classes/assets/textures/luz/luz_saltar_verde.PNG
22:16:46.071 [FXGL Background Thread 4 ] INFO  FXGLApplication      - Game initialization took: 0.107 sec
22:16:46.093 [JavaFX Application Thread] DEBUG Input                - Clearing active input actions
22:16:46.119 [JavaFX Application Thread] DEBUG GameApplicationServi - Removing overlay from FXGLLoadingScene and adding to GameScene
22:16:46.119 [JavaFX Application Thread] DEBUG PrimaryStageWindow   - FXGLLoadingScene -> GameScene
22:16:48.415 [JavaFX Application Thread] DEBUG FXGLApplication      - Exiting FXGL
22:16:48.416 [JavaFX Application Thread] DEBUG LoopRunner           - Stopping loop
22:16:48.416 [JavaFX Application Thread] DEBUG SystemBundleService  - Saving FXGL system data
22:16:48.424 [JavaFX Application Thread] DEBUG FileSystemAccess     - Writing to: C:\Users\Usuario\OneDrive\Documentos\Game\system\fxgl.bundle
22:16:48.433 [JavaFX Application Thread] DEBUG Async                - Shutting down background threads
22:16:48.434 [JavaFX Application Thread] DEBUG PrimaryStageWindow   - Closing main window
22:16:48.458 [JavaFX Application Thread] DEBUG Logger               - Closing Logger
