11:28:19.780 [main                     ] DEBUG Logger               - Configured Logger
11:28:19.847 [main                     ] DEBUG GameApplication      - Logging settings
Title: Untitled
Version: 0.0
Width: 1400
Height: 700
Fullscreen: false
Intro: false
Profiling: false
Single step:false
App Mode: DEVELOPER
Menu Key: ESCAPE
Stage Style: DECORATED
Scene Factory: class com.almasb.fxgl.app.scene.SceneFactory

11:28:20.718 [JavaFX Application Thread] DEBUG FXGLApplication      - Initializing FXGL
11:28:20.728 [JavaFX Application Thread] INFO  Engine               - FXGL-21.1 (27.03.2024 07.52) on WINDOWS (J:21.0.5 FX:21.0.1)
11:28:20.729 [JavaFX Application Thread] DEBUG Engine               - JRE Vendor Name: Eclipse Adoptium
11:28:20.730 [JavaFX Application Thread] DEBUG Engine               - Running on OS: Windows 10 version 10.0
11:28:20.730 [JavaFX Application Thread] DEBUG Engine               - Architecture: amd64
11:28:20.731 [JavaFX Application Thread] INFO  Engine               - Source code and latest versions at: https://github.com/AlmasB/FXGL
11:28:20.731 [JavaFX Application Thread] INFO  Engine               -       Ask questions and discuss at: https://github.com/AlmasB/FXGL/discussions
11:28:20.732 [JavaFX Application Thread] INFO  Engine               -              Join the FXGL chat at: https://gitter.im/AlmasB/FXGL
11:28:21.039 [JavaFX Application Thread] DEBUG PrimaryStageWindow   - Creating a JavaFX scene
11:28:21.040 [JavaFX Application Thread] DEBUG PrimaryStageWindow   - Target size > screen size
11:28:21.161 [JavaFX Application Thread] DEBUG PrimaryStageWindow   - Target settings size: 1400.0 x 700.0
11:28:21.161 [JavaFX Application Thread] DEBUG PrimaryStageWindow   - Scaled scene size:    1341.0 x 683.0
11:28:21.162 [JavaFX Application Thread] DEBUG PrimaryStageWindow   - Scaled ratio: (0.9578571428571429, 0.9757142857142858)
11:28:21.164 [JavaFX Application Thread] DEBUG PrimaryStageWindow   - Set initial scene to FXGLStartupScene
11:28:21.174 [JavaFX Application Thread] DEBUG PrimaryStageWindow   - Opening main window
11:28:21.380 [JavaFX Application Thread] DEBUG PrimaryStageWindow   - Window border size: (16.0, 39.0)
11:28:21.381 [JavaFX Application Thread] DEBUG PrimaryStageWindow   - Scaled size: 1341.0 x 683.0
11:28:21.381 [JavaFX Application Thread] DEBUG PrimaryStageWindow   - Scaled ratio: (0.9578571428571429, 0.9757142857142858)
11:28:21.382 [JavaFX Application Thread] DEBUG PrimaryStageWindow   - Scene size: 1341.0 x 683.0
11:28:21.382 [JavaFX Application Thread] DEBUG PrimaryStageWindow   - Stage size: 1357.0 x 722.0
11:28:21.400 [FXGL Background Thread 1 ] DEBUG Engine               - Initializing environment variables
11:28:21.537 [FXGL Background Thread 1 ] DEBUG FXGLAssetLoaderServi - User app class for loading assets: class GameSettings.GameApp
11:28:21.538 [FXGL Background Thread 1 ] DEBUG GameApplicationServi - Applying CSS: fxgl_dark.css
11:28:21.541 [FXGL Background Thread 1 ] DEBUG FXGLAssetLoaderServi - Loading from file system: jar:file:/C:/Users/Usuario/.m2/repository/com/github/almasb/fxgl/21.1/fxgl-21.1.jar!/fxglassets/ui/css/fxgl_dark.css
11:28:21.652 [FXGL Background Thread 1 ] DEBUG GameApplicationServi - Initializing application scenes
11:28:21.749 [FXGL Background Thread 1 ] DEBUG GameWorld            - Game world initialized
11:28:21.933 [FXGL Background Thread 1 ] DEBUG PhysicsWorld         - Physics world initialized: appHeight=700, physics.ppm=50.0
11:28:21.934 [FXGL Background Thread 1 ] DEBUG PhysicsWorld         - Using strategy: BRUTE_FORCE
11:28:21.943 [FXGL Background Thread 1 ] DEBUG GameScene            - Game scene initialized: 1400x700
11:28:21.977 [FXGL Background Thread 1 ] DEBUG FXGL.DefaultMenu     - createMenuBodyGameMenu()
11:28:22.016 [FXGL Background Thread 1 ] DEBUG FXGL.DefaultMenu     - createOptionsMenu()
11:28:22.041 [FXGL Background Thread 1 ] DEBUG FXGLAssetLoaderServi - Loading from file system: jar:file:/C:/Users/Usuario/.m2/repository/com/github/almasb/fxgl/21.1/fxgl-21.1.jar!/fxglassets/textures/particles/smoke.png
11:28:22.313 [FXGL Background Thread 1 ] DEBUG FXGLAssetLoaderServi - Loading from file system: jar:file:/C:/Users/Usuario/.m2/repository/com/github/almasb/fxgl/21.1/fxgl-21.1.jar!/fxglassets/textures/particles/trace_horizontal.png
11:28:22.387 [FXGL Background Thread 1 ] DEBUG GameApplicationServi - Application scenes initialized
11:28:22.422 [FXGL Background Thread 1 ] DEBUG SystemBundleService  - Loading FXGL system data
11:28:22.432 [FXGL Background Thread 1 ] DEBUG FileSystemAccess     - Reading from: C:\Users\Usuario\OneDrive\Documentos\Game\system\fxgl.bundle
11:28:22.454 [FXGL Background Thread 1 ] DEBUG SystemBundleService  - Bundle FXGL: {}
11:28:22.454 [FXGL Background Thread 1 ] DEBUG UpdaterService       - Checking for updates
11:28:22.464 [FXGL Background Thread 4 ] DEBUG FXGLApplication      - Loading fonts
11:28:22.466 [FXGL Background Thread 4 ] DEBUG FXGLAssetLoaderServi - Loading from file system: jar:file:/C:/Users/Usuario/.m2/repository/com/github/almasb/fxgl/21.1/fxgl-21.1.jar!/fxglassets/ui/fonts/VarelaRound-Regular.ttf
11:28:22.466 [FXGL Background Thread 1 ] DEBUG FXGLApplication      - Loading default localization
11:28:22.467 [FXGL Background Thread 1 ] DEBUG FXGLAssetLoaderServi - Loading from file system: jar:file:/C:/Users/Usuario/.m2/repository/com/github/almasb/fxgl/21.1/fxgl-21.1.jar!/fxglassets/languages/english.lang
11:28:22.545 [FXGL Background Thread 1 ] INFO  FXGLApplication      - FXGL initialization took: 1.144 sec
11:28:22.548 [JavaFX Application Thread] DEBUG FXGLAssetLoaderServi - Loading from file system: jar:file:/C:/Users/Usuario/.m2/repository/com/github/almasb/fxgl/21.1/fxgl-21.1.jar!/fxglassets/textures/fxgl_icon.png
11:28:22.563 [FXGL Background Thread 4 ] DEBUG FXGLAssetLoaderServi - Loading from file system: jar:file:/C:/Users/Usuario/.m2/repository/com/github/almasb/fxgl/21.1/fxgl-21.1.jar!/fxglassets/ui/fonts/Abel-Regular.ttf
11:28:22.572 [FXGL Background Thread 4 ] DEBUG FXGLAssetLoaderServi - Loading from file system: jar:file:/C:/Users/Usuario/.m2/repository/com/github/almasb/fxgl/21.1/fxgl-21.1.jar!/fxglassets/ui/fonts/TerminalLandMono-Regular.otf
11:28:22.583 [FXGL Background Thread 4 ] DEBUG FXGLAssetLoaderServi - Loading from file system: jar:file:/C:/Users/Usuario/.m2/repository/com/github/almasb/fxgl/21.1/fxgl-21.1.jar!/fxglassets/ui/fonts/Courier-Prime.ttf
11:28:22.618 [JavaFX Application Thread] DEBUG FXGLAssetLoaderServi - Loading from file system: jar:file:/C:/Users/Usuario/.m2/repository/com/github/almasb/fxgl/21.1/fxgl-21.1.jar!/fxglassets/textures/fxgl_default_cursor.png
11:28:22.654 [JavaFX Application Thread] DEBUG Input                - Registered new binding: Screenshot - CTRL+8
11:28:22.656 [JavaFX Application Thread] DEBUG Input                - Registered new binding: System info dump - CTRL+9
11:28:22.657 [JavaFX Application Thread] DEBUG Input                - Registered new binding: Restart - CTRL+R
11:28:22.660 [JavaFX Application Thread] DEBUG Input                - Registered new binding: Toggle Debug Camera - CTRL+7
11:28:22.670 [JavaFX Application Thread] DEBUG LoopRunner           - Starting loop
11:28:22.670 [JavaFX Application Thread] DEBUG LoopRunner           - Initializing JavaFX AnimationTimerLoop
11:28:22.675 [JavaFX Application Thread] DEBUG GameApplicationServi - Starting new game
11:28:22.676 [JavaFX Application Thread] DEBUG Input                - Clearing active input actions
11:28:22.706 [JavaFX Application Thread] DEBUG GameApplicationServi - Removing overlay from FXGLStartupScene and adding to FXGLLoadingScene
11:28:22.707 [JavaFX Application Thread] DEBUG PrimaryStageWindow   - FXGLStartupScene -> FXGLLoadingScene
11:28:22.708 [JavaFX Application Thread] DEBUG GameApplicationServi - Clearing previous game
11:28:22.708 [JavaFX Application Thread] DEBUG GameScene            - Clearing game scene
11:28:22.708 [JavaFX Application Thread] DEBUG GameWorld            - Clearing game world
11:28:22.708 [JavaFX Application Thread] DEBUG PhysicsWorld         - Clearing physics world
11:28:22.712 [FXGL Background Thread 4 ] DEBUG FXGLApplication      - Initializing game
11:28:22.713 [JavaFX Application Thread] DEBUG FXGLApplication      - Registering font factories with UI factory
11:28:22.770 [FXGL Background Thread 4 ] DEBUG FXGLAssetLoaderServi - Loading from file system: file:/C:/Users/Usuario/OneDrive/Documentos/Game/target/classes/assets/textures/luz/luz_6_rojo.PNG
11:28:22.805 [FXGL Background Thread 4 ] DEBUG FXGLAssetLoaderServi - Loading from file system: file:/C:/Users/Usuario/OneDrive/Documentos/Game/target/classes/assets/textures/luz/luz_saltar_rojo.PNG
11:28:22.823 [FXGL Background Thread 4 ] DEBUG FXGLAssetLoaderServi - Loading from file system: file:/C:/Users/Usuario/OneDrive/Documentos/Game/target/classes/assets/textures/luz/luz_flip_verde.PNG
11:28:22.842 [FXGL Background Thread 4 ] DEBUG FXGLAssetLoaderServi - Loading from file system: file:/C:/Users/Usuario/OneDrive/Documentos/Game/target/classes/assets/textures/luz/luz__flip_amarillo.PNG
11:28:22.866 [FXGL Background Thread 4 ] DEBUG FXGLAssetLoaderServi - Loading from file system: file:/C:/Users/Usuario/OneDrive/Documentos/Game/target/classes/assets/textures/luz/luz_4_verde.PNG
11:28:22.886 [FXGL Background Thread 4 ] DEBUG FXGLAssetLoaderServi - Loading from file system: file:/C:/Users/Usuario/OneDrive/Documentos/Game/target/classes/assets/textures/luz/luz_6_amarillo.PNG
11:28:22.903 [FXGL Background Thread 4 ] DEBUG FXGLAssetLoaderServi - Loading from file system: file:/C:/Users/Usuario/OneDrive/Documentos/Game/target/classes/assets/textures/luz/luz_,masuno_rojo.PNG
11:28:22.929 [FXGL Background Thread 4 ] WARN  GameWorld            - Entity is already attached to world
11:28:22.930 [FXGL Background Thread 4 ] WARN  GameWorld            - Entity is already attached to world
11:28:22.930 [FXGL Background Thread 4 ] WARN  GameWorld            - Entity is already attached to world
11:28:22.931 [FXGL Background Thread 4 ] WARN  GameWorld            - Entity is already attached to world
11:28:22.931 [FXGL Background Thread 4 ] WARN  GameWorld            - Entity is already attached to world
11:28:22.932 [FXGL Background Thread 4 ] WARN  GameWorld            - Entity is already attached to world
11:28:22.932 [FXGL Background Thread 4 ] WARN  GameWorld            - Entity is already attached to world
11:28:22.933 [FXGL Background Thread 4 ] INFO  FXGLApplication      - Game initialization took: 0.221 sec
11:28:23.056 [JavaFX Application Thread] DEBUG Input                - Clearing active input actions
11:28:23.077 [JavaFX Application Thread] DEBUG GameApplicationServi - Removing overlay from FXGLLoadingScene and adding to GameScene
11:28:23.077 [JavaFX Application Thread] DEBUG PrimaryStageWindow   - FXGLLoadingScene -> GameScene
11:28:25.461 [FXGL Background Thread 3 ] DEBUG Engine               - Logging environment variables
11:28:25.463 [FXGL Background Thread 3 ] DEBUG Engine               - achievements: []
11:28:25.464 [FXGL Background Thread 3 ] DEBUG Engine               - actualHeight: 683.0
11:28:25.465 [FXGL Background Thread 3 ] DEBUG Engine               - actualHeightProperty: ReadOnlyDoubleProperty [value: 683.0]
11:28:25.465 [FXGL Background Thread 3 ] DEBUG Engine               - actualWidth: 1341.0
11:28:25.465 [FXGL Background Thread 3 ] DEBUG Engine               - actualWidthProperty: ReadOnlyDoubleProperty [value: 1341.0]
11:28:25.466 [FXGL Background Thread 3 ] DEBUG Engine               - appIcon: fxgl_icon.png
11:28:25.466 [FXGL Background Thread 3 ] DEBUG Engine               - applicationMode: DEVELOPER
11:28:25.467 [FXGL Background Thread 3 ] DEBUG Engine               - cSSList: [fxgl_dark.css]
11:28:25.467 [FXGL Background Thread 3 ] DEBUG Engine               - collisionDetectionStrategy: BRUTE_FORCE
11:28:25.467 [FXGL Background Thread 3 ] DEBUG Engine               - configClass: Optional.empty
11:28:25.468 [FXGL Background Thread 3 ] DEBUG Engine               - credits: []
11:28:25.470 [FXGL Background Thread 3 ] DEBUG Engine               - defaultCursor: CursorInfo(imageName=fxgl_default_cursor.png, hotspotX=7.0, hotspotY=6.0)
11:28:25.471 [FXGL Background Thread 3 ] DEBUG Engine               - devBBoxColorProperty: ObjectProperty [value: 0xff0000ff]
11:28:25.471 [FXGL Background Thread 3 ] DEBUG Engine               - devEnableDebugCameraProperty: BooleanProperty [value: false]
11:28:25.472 [FXGL Background Thread 3 ] DEBUG Engine               - devSensorColorProperty: ObjectProperty [value: 0xffff00ff]
11:28:25.472 [FXGL Background Thread 3 ] DEBUG Engine               - devShowBBoxProperty: BooleanProperty [value: false]
11:28:25.472 [FXGL Background Thread 3 ] DEBUG Engine               - devShowPositionProperty: BooleanProperty [value: false]
11:28:25.473 [FXGL Background Thread 3 ] DEBUG Engine               - enabledMenuItems: []
11:28:25.473 [FXGL Background Thread 3 ] DEBUG Engine               - engineServices: [class com.almasb.fxgl.app.services.FXGLAssetLoaderService, class com.almasb.fxgl.app.FXGLApplication$GameApplicationService, class com.almasb.fxgl.app.services.FXGLDialogService, class com.almasb.fxgl.app.services.IOTaskExecutorService, class com.almasb.fxgl.io.FileSystemService, class com.almasb.fxgl.localization.LocalizationService, class com.almasb.fxgl.app.services.SystemBundleService, class com.almasb.fxgl.profile.SaveLoadService, class com.almasb.fxgl.ui.FXGLUIFactoryServiceProvider, class com.almasb.fxgl.ui.FXGLDialogFactoryServiceProvider, class com.almasb.fxgl.audio.AudioPlayer, class com.almasb.fxgl.notification.impl.NotificationServiceProvider, class com.almasb.fxgl.achievement.AchievementService, class com.almasb.fxgl.cutscene.CutsceneService, class com.almasb.fxgl.minigames.MiniGameService, class com.almasb.fxgl.net.NetService, class com.almasb.fxgl.app.services.UpdaterService, class com.almasb.fxgl.dev.DevService]
11:28:25.473 [FXGL Background Thread 3 ] DEBUG Engine               - fontGame: Abel-Regular.ttf
11:28:25.473 [FXGL Background Thread 3 ] DEBUG Engine               - fontMono: TerminalLandMono-Regular.otf
11:28:25.474 [FXGL Background Thread 3 ] DEBUG Engine               - fontSizeScaleUI: 1.0
11:28:25.474 [FXGL Background Thread 3 ] DEBUG Engine               - fontText: Courier-Prime.ttf
11:28:25.474 [FXGL Background Thread 3 ] DEBUG Engine               - fontUI: VarelaRound-Regular.ttf
11:28:25.475 [FXGL Background Thread 3 ] DEBUG Engine               - fullScreen: BooleanProperty [value: false]
11:28:25.475 [FXGL Background Thread 3 ] DEBUG Engine               - gameDifficulty: MEDIUM
11:28:25.475 [FXGL Background Thread 3 ] DEBUG Engine               - gameDifficultyProperty: ObjectProperty [value: MEDIUM]
11:28:25.476 [FXGL Background Thread 3 ] DEBUG Engine               - globalMusicVolume: 0.5
11:28:25.476 [FXGL Background Thread 3 ] DEBUG Engine               - globalMusicVolumeProperty: DoubleProperty [value: 0.5]
11:28:25.476 [FXGL Background Thread 3 ] DEBUG Engine               - globalSoundVolume: 0.5
11:28:25.477 [FXGL Background Thread 3 ] DEBUG Engine               - globalSoundVolumeProperty: DoubleProperty [value: 0.5]
11:28:25.477 [FXGL Background Thread 3 ] DEBUG Engine               - height: 700
11:28:25.477 [FXGL Background Thread 3 ] DEBUG Engine               - is3D: false
11:28:25.478 [FXGL Background Thread 3 ] DEBUG Engine               - isAndroid: false
11:28:25.479 [FXGL Background Thread 3 ] DEBUG Engine               - isBrowser: false
11:28:25.479 [FXGL Background Thread 3 ] DEBUG Engine               - isClickFeedbackEnabled: false
11:28:25.480 [FXGL Background Thread 3 ] DEBUG Engine               - isCloseConfirmation: false
11:28:25.480 [FXGL Background Thread 3 ] DEBUG Engine               - isDesktop: true
11:28:25.481 [FXGL Background Thread 3 ] DEBUG Engine               - isDeveloperMenuEnabled: false
11:28:25.481 [FXGL Background Thread 3 ] DEBUG Engine               - isEmbedded: false
11:28:25.481 [FXGL Background Thread 3 ] DEBUG Engine               - isEntityPreloadEnabled: true
11:28:25.482 [FXGL Background Thread 3 ] DEBUG Engine               - isExperimentalTiledLargeMap: false
11:28:25.482 [FXGL Background Thread 3 ] DEBUG Engine               - isFileSystemWriteAllowed: true
11:28:25.482 [FXGL Background Thread 3 ] DEBUG Engine               - isFullScreenAllowed: false
11:28:25.483 [FXGL Background Thread 3 ] DEBUG Engine               - isFullScreenFromStart: false
11:28:25.483 [FXGL Background Thread 3 ] DEBUG Engine               - isGameMenuEnabled: true
11:28:25.484 [FXGL Background Thread 3 ] DEBUG Engine               - isIOS: false
11:28:25.484 [FXGL Background Thread 3 ] DEBUG Engine               - isIntroEnabled: false
11:28:25.485 [FXGL Background Thread 3 ] DEBUG Engine               - isLinux: false
11:28:25.485 [FXGL Background Thread 3 ] DEBUG Engine               - isMac: false
11:28:25.486 [FXGL Background Thread 3 ] DEBUG Engine               - isMainMenuEnabled: false
11:28:25.486 [FXGL Background Thread 3 ] DEBUG Engine               - isManualResizeEnabled: false
11:28:25.486 [FXGL Background Thread 3 ] DEBUG Engine               - isMobile: false
11:28:25.487 [FXGL Background Thread 3 ] DEBUG Engine               - isNative: false
11:28:25.487 [FXGL Background Thread 3 ] DEBUG Engine               - isPauseMusicWhenMinimized: true
11:28:25.488 [FXGL Background Thread 3 ] DEBUG Engine               - isPreserveResizeRatio: false
11:28:25.488 [FXGL Background Thread 3 ] DEBUG Engine               - isProfilingEnabled: false
11:28:25.489 [FXGL Background Thread 3 ] DEBUG Engine               - isScaleAffectedOnResize: true
11:28:25.489 [FXGL Background Thread 3 ] DEBUG Engine               - isSingleStep: false
11:28:25.489 [FXGL Background Thread 3 ] DEBUG Engine               - isUserProfileEnabled: false
11:28:25.490 [FXGL Background Thread 3 ] DEBUG Engine               - isWindows: true
11:28:25.490 [FXGL Background Thread 3 ] DEBUG Engine               - language: ObjectProperty [value: ENGLISH]
11:28:25.491 [FXGL Background Thread 3 ] DEBUG Engine               - menuKey: ESCAPE
11:28:25.491 [FXGL Background Thread 3 ] DEBUG Engine               - mouseSensitivity: 0.2
11:28:25.492 [FXGL Background Thread 3 ] DEBUG Engine               - notificationViewClass: class com.almasb.fxgl.notification.view.XboxNotificationView
11:28:25.492 [FXGL Background Thread 3 ] DEBUG Engine               - pixelsPerMeter: 50.0
11:28:25.492 [FXGL Background Thread 3 ] DEBUG Engine               - platform: WINDOWS
11:28:25.493 [FXGL Background Thread 3 ] DEBUG Engine               - prefHeightProperty: ReadOnlyDoubleProperty [value: 700.0]
11:28:25.493 [FXGL Background Thread 3 ] DEBUG Engine               - prefWidthProperty: ReadOnlyDoubleProperty [value: 1400.0]
11:28:25.494 [FXGL Background Thread 3 ] DEBUG Engine               - profileDir: profiles/
11:28:25.494 [FXGL Background Thread 3 ] DEBUG Engine               - profileName: StringProperty [value: DEFAULT]
11:28:25.495 [FXGL Background Thread 3 ] DEBUG Engine               - randomSeed: -1
11:28:25.496 [FXGL Background Thread 3 ] DEBUG Engine               - runtimeInfo: RuntimeInfo(platform=WINDOWS, version=21.1, build=27.03.2024 07.52)
11:28:25.496 [FXGL Background Thread 3 ] DEBUG Engine               - saveFileExt: sav
11:28:25.497 [FXGL Background Thread 3 ] DEBUG Engine               - scaledHeightProp$fxgl: DoubleProperty [bound, value: 683.0]
11:28:25.497 [FXGL Background Thread 3 ] DEBUG Engine               - scaledWidthProp$fxgl: DoubleProperty [bound, value: 1341.0]
11:28:25.498 [FXGL Background Thread 3 ] DEBUG Engine               - sceneFactory: com.almasb.fxgl.app.scene.SceneFactory@fd5d448
11:28:25.498 [FXGL Background Thread 3 ] DEBUG Engine               - secondsIn24h: 60
11:28:25.499 [FXGL Background Thread 3 ] DEBUG Engine               - soundMenuBack: menu/back.wav
11:28:25.500 [FXGL Background Thread 3 ] DEBUG Engine               - soundMenuPress: menu/press.wav
11:28:25.500 [FXGL Background Thread 3 ] DEBUG Engine               - soundMenuSelect: menu/select.wav
11:28:25.501 [FXGL Background Thread 3 ] DEBUG Engine               - soundNotification: core/notification.wav
11:28:25.501 [FXGL Background Thread 3 ] DEBUG Engine               - stageStyle: DECORATED
11:28:25.501 [FXGL Background Thread 3 ] DEBUG Engine               - supportedLanguages: [ENGLISH, FRENCH, GERMAN, HUNGARIAN, RUSSIAN]
11:28:25.501 [FXGL Background Thread 3 ] DEBUG Engine               - ticksPerSecond: -1
11:28:25.502 [FXGL Background Thread 3 ] DEBUG Engine               - title: Untitled
11:28:25.502 [FXGL Background Thread 3 ] DEBUG Engine               - urlGithub: https://github.com/AlmasB/FXGL
11:28:25.503 [FXGL Background Thread 3 ] DEBUG Engine               - urlLeaderboard: http://fxgl-top.herokuapp.com/
11:28:25.503 [FXGL Background Thread 3 ] DEBUG Engine               - urlPOM: https://raw.githubusercontent.com/AlmasB/FXGL/release/README.md
11:28:25.504 [FXGL Background Thread 3 ] DEBUG Engine               - userAppClass: class GameSettings.GameApp
11:28:25.504 [FXGL Background Thread 3 ] DEBUG Engine               - version: 0.0
11:28:25.504 [FXGL Background Thread 3 ] DEBUG Engine               - versionCheckDays: 7
11:28:25.504 [FXGL Background Thread 3 ] DEBUG Engine               - width: 1400
11:28:25.505 [FXGL Background Thread 3 ] DEBUG Engine               - Logging services
11:28:25.505 [FXGL Background Thread 3 ] DEBUG Engine               - class com.almasb.fxgl.app.services.FXGLAssetLoaderService
11:28:25.505 [FXGL Background Thread 3 ] DEBUG Engine               - class com.almasb.fxgl.app.FXGLApplication$GameApplicationService
11:28:25.506 [FXGL Background Thread 3 ] DEBUG Engine               - class com.almasb.fxgl.app.services.FXGLDialogService
11:28:25.506 [FXGL Background Thread 3 ] DEBUG Engine               - class com.almasb.fxgl.app.services.IOTaskExecutorService
11:28:25.506 [FXGL Background Thread 3 ] DEBUG Engine               - class com.almasb.fxgl.io.FileSystemService
11:28:25.507 [FXGL Background Thread 3 ] DEBUG Engine               - class com.almasb.fxgl.localization.LocalizationService
11:28:25.507 [FXGL Background Thread 3 ] DEBUG Engine               - class com.almasb.fxgl.app.services.SystemBundleService
11:28:25.507 [FXGL Background Thread 3 ] DEBUG Engine               - class com.almasb.fxgl.profile.SaveLoadService
11:28:25.507 [FXGL Background Thread 3 ] DEBUG Engine               - class com.almasb.fxgl.ui.FXGLUIFactoryServiceProvider
11:28:25.507 [FXGL Background Thread 3 ] DEBUG Engine               - class com.almasb.fxgl.ui.FXGLDialogFactoryServiceProvider
11:28:25.507 [FXGL Background Thread 3 ] DEBUG Engine               - class com.almasb.fxgl.audio.AudioPlayer
11:28:25.508 [FXGL Background Thread 3 ] DEBUG Engine               - class com.almasb.fxgl.notification.impl.NotificationServiceProvider
11:28:25.508 [FXGL Background Thread 3 ] DEBUG Engine               - class com.almasb.fxgl.achievement.AchievementService
11:28:25.508 [FXGL Background Thread 3 ] DEBUG Engine               - class com.almasb.fxgl.cutscene.CutsceneService
11:28:25.508 [FXGL Background Thread 3 ] DEBUG Engine               - class com.almasb.fxgl.minigames.MiniGameService
11:28:25.508 [FXGL Background Thread 3 ] DEBUG Engine               - class com.almasb.fxgl.net.NetService
11:28:25.508 [FXGL Background Thread 3 ] DEBUG Engine               - class com.almasb.fxgl.app.services.UpdaterService
11:28:25.508 [FXGL Background Thread 3 ] DEBUG Engine               - class com.almasb.fxgl.dev.DevService
11:28:28.041 [JavaFX Application Thread] DEBUG FXGLApplication      - Exiting FXGL
11:28:28.042 [JavaFX Application Thread] DEBUG LoopRunner           - Stopping loop
11:28:28.042 [JavaFX Application Thread] DEBUG SystemBundleService  - Saving FXGL system data
11:28:28.051 [JavaFX Application Thread] DEBUG FileSystemAccess     - Writing to: C:\Users\Usuario\OneDrive\Documentos\Game\system\fxgl.bundle
11:28:28.059 [JavaFX Application Thread] DEBUG Async                - Shutting down background threads
11:28:28.060 [JavaFX Application Thread] DEBUG PrimaryStageWindow   - Closing main window
11:28:28.094 [JavaFX Application Thread] DEBUG Logger               - Closing Logger
