09:53:13.202 [main                     ] DEBUG Logger               - Configured Logger
09:53:13.230 [main                     ] DEBUG GameApplication      - Logging settings
Title: Untitled
Version: 0.0
Width: 1400
Height: 700
Fullscreen: false
Intro: false
Profiling: false
Single step:false
App Mode: DEVELOPER
Menu Key: ESCAPE
Stage Style: DECORATED
Scene Factory: class com.almasb.fxgl.app.scene.SceneFactory

09:53:13.637 [JavaFX Application Thread] DEBUG FXGLApplication      - Initializing FXGL
09:53:13.641 [JavaFX Application Thread] INFO  Engine               - FXGL-21.1 (27.03.2024 07.52) on WINDOWS (J:21.0.5 FX:21.0.1)
09:53:13.641 [JavaFX Application Thread] DEBUG Engine               - JRE Vendor Name: Eclipse Adoptium
09:53:13.641 [JavaFX Application Thread] DEBUG Engine               - Running on OS: Windows 10 version 10.0
09:53:13.642 [JavaFX Application Thread] DEBUG Engine               - Architecture: amd64
09:53:13.642 [JavaFX Application Thread] INFO  Engine               - Source code and latest versions at: https://github.com/AlmasB/FXGL
09:53:13.642 [JavaFX Application Thread] INFO  Engine               -       Ask questions and discuss at: https://github.com/AlmasB/FXGL/discussions
09:53:13.643 [JavaFX Application Thread] INFO  Engine               -              Join the FXGL chat at: https://gitter.im/AlmasB/FXGL
09:53:13.783 [JavaFX Application Thread] DEBUG PrimaryStageWindow   - Creating a JavaFX scene
09:53:13.784 [JavaFX Application Thread] DEBUG PrimaryStageWindow   - Target size > screen size
09:53:13.849 [JavaFX Application Thread] DEBUG PrimaryStageWindow   - Target settings size: 1400.0 x 700.0
09:53:13.849 [JavaFX Application Thread] DEBUG PrimaryStageWindow   - Scaled scene size:    1341.0 x 683.0
09:53:13.849 [JavaFX Application Thread] DEBUG PrimaryStageWindow   - Scaled ratio: (0.9578571428571429, 0.9757142857142858)
09:53:13.850 [JavaFX Application Thread] DEBUG PrimaryStageWindow   - Set initial scene to FXGLStartupScene
09:53:13.854 [JavaFX Application Thread] DEBUG PrimaryStageWindow   - Opening main window
09:53:13.957 [JavaFX Application Thread] DEBUG PrimaryStageWindow   - Window border size: (16.0, 39.0)
09:53:13.958 [JavaFX Application Thread] DEBUG PrimaryStageWindow   - Scaled size: 1341.0 x 683.0
09:53:13.958 [JavaFX Application Thread] DEBUG PrimaryStageWindow   - Scaled ratio: (0.9578571428571429, 0.9757142857142858)
09:53:13.958 [JavaFX Application Thread] DEBUG PrimaryStageWindow   - Scene size: 1341.0 x 683.0
09:53:13.958 [JavaFX Application Thread] DEBUG PrimaryStageWindow   - Stage size: 1357.0 x 722.0
09:53:13.969 [FXGL Background Thread 1 ] DEBUG Engine               - Initializing environment variables
09:53:14.053 [FXGL Background Thread 1 ] DEBUG FXGLAssetLoaderServi - User app class for loading assets: class GameSettings.GameApp
09:53:14.054 [FXGL Background Thread 1 ] DEBUG GameApplicationServi - Applying CSS: fxgl_dark.css
09:53:14.055 [FXGL Background Thread 1 ] DEBUG FXGLAssetLoaderServi - Loading from file system: jar:file:/C:/Users/Usuario/.m2/repository/com/github/almasb/fxgl/21.1/fxgl-21.1.jar!/fxglassets/ui/css/fxgl_dark.css
09:53:14.113 [FXGL Background Thread 1 ] DEBUG GameApplicationServi - Initializing application scenes
09:53:14.170 [FXGL Background Thread 1 ] DEBUG GameWorld            - Game world initialized
09:53:14.270 [FXGL Background Thread 1 ] DEBUG PhysicsWorld         - Physics world initialized: appHeight=700, physics.ppm=50.0
09:53:14.271 [FXGL Background Thread 1 ] DEBUG PhysicsWorld         - Using strategy: BRUTE_FORCE
09:53:14.282 [FXGL Background Thread 1 ] DEBUG GameScene            - Game scene initialized: 1400x700
09:53:14.322 [FXGL Background Thread 1 ] DEBUG FXGL.DefaultMenu     - createMenuBodyGameMenu()
09:53:14.365 [FXGL Background Thread 1 ] DEBUG FXGL.DefaultMenu     - createOptionsMenu()
09:53:14.391 [FXGL Background Thread 1 ] DEBUG FXGLAssetLoaderServi - Loading from file system: jar:file:/C:/Users/Usuario/.m2/repository/com/github/almasb/fxgl/21.1/fxgl-21.1.jar!/fxglassets/textures/particles/smoke.png
09:53:14.673 [FXGL Background Thread 1 ] DEBUG FXGLAssetLoaderServi - Loading from file system: jar:file:/C:/Users/Usuario/.m2/repository/com/github/almasb/fxgl/21.1/fxgl-21.1.jar!/fxglassets/textures/particles/trace_horizontal.png
09:53:14.734 [FXGL Background Thread 1 ] DEBUG GameApplicationServi - Application scenes initialized
09:53:14.770 [FXGL Background Thread 1 ] DEBUG SystemBundleService  - Loading FXGL system data
09:53:14.781 [FXGL Background Thread 1 ] DEBUG FileSystemAccess     - Reading from: C:\Users\Usuario\OneDrive\Documentos\Game\system\fxgl.bundle
09:53:14.808 [FXGL Background Thread 1 ] DEBUG SystemBundleService  - Bundle FXGL: {}
09:53:14.808 [FXGL Background Thread 1 ] DEBUG UpdaterService       - Checking for updates
09:53:14.822 [FXGL Background Thread 4 ] DEBUG FXGLApplication      - Loading fonts
09:53:14.823 [FXGL Background Thread 4 ] DEBUG FXGLAssetLoaderServi - Loading from file system: jar:file:/C:/Users/Usuario/.m2/repository/com/github/almasb/fxgl/21.1/fxgl-21.1.jar!/fxglassets/ui/fonts/VarelaRound-Regular.ttf
09:53:14.825 [FXGL Background Thread 1 ] DEBUG FXGLApplication      - Loading default localization
09:53:14.826 [FXGL Background Thread 1 ] DEBUG FXGLAssetLoaderServi - Loading from file system: jar:file:/C:/Users/Usuario/.m2/repository/com/github/almasb/fxgl/21.1/fxgl-21.1.jar!/fxglassets/languages/english.lang
09:53:14.906 [FXGL Background Thread 1 ] INFO  FXGLApplication      - FXGL initialization took: 0.937 sec
09:53:14.909 [JavaFX Application Thread] DEBUG FXGLAssetLoaderServi - Loading from file system: jar:file:/C:/Users/Usuario/.m2/repository/com/github/almasb/fxgl/21.1/fxgl-21.1.jar!/fxglassets/textures/fxgl_icon.png
09:53:14.940 [FXGL Background Thread 4 ] DEBUG FXGLAssetLoaderServi - Loading from file system: jar:file:/C:/Users/Usuario/.m2/repository/com/github/almasb/fxgl/21.1/fxgl-21.1.jar!/fxglassets/ui/fonts/Abel-Regular.ttf
09:53:14.951 [FXGL Background Thread 4 ] DEBUG FXGLAssetLoaderServi - Loading from file system: jar:file:/C:/Users/Usuario/.m2/repository/com/github/almasb/fxgl/21.1/fxgl-21.1.jar!/fxglassets/ui/fonts/TerminalLandMono-Regular.otf
09:53:14.961 [FXGL Background Thread 4 ] DEBUG FXGLAssetLoaderServi - Loading from file system: jar:file:/C:/Users/Usuario/.m2/repository/com/github/almasb/fxgl/21.1/fxgl-21.1.jar!/fxglassets/ui/fonts/Courier-Prime.ttf
09:53:14.995 [JavaFX Application Thread] DEBUG FXGLAssetLoaderServi - Loading from file system: jar:file:/C:/Users/Usuario/.m2/repository/com/github/almasb/fxgl/21.1/fxgl-21.1.jar!/fxglassets/textures/fxgl_default_cursor.png
09:53:15.033 [JavaFX Application Thread] DEBUG Input                - Registered new binding: Screenshot - CTRL+8
09:53:15.035 [JavaFX Application Thread] DEBUG Input                - Registered new binding: System info dump - CTRL+9
09:53:15.036 [JavaFX Application Thread] DEBUG Input                - Registered new binding: Restart - CTRL+R
09:53:15.039 [JavaFX Application Thread] DEBUG Input                - Registered new binding: Toggle Debug Camera - CTRL+7
09:53:15.046 [JavaFX Application Thread] DEBUG LoopRunner           - Starting loop
09:53:15.047 [JavaFX Application Thread] DEBUG LoopRunner           - Initializing JavaFX AnimationTimerLoop
09:53:15.051 [JavaFX Application Thread] DEBUG GameApplicationServi - Starting new game
09:53:15.053 [JavaFX Application Thread] DEBUG Input                - Clearing active input actions
09:53:15.087 [JavaFX Application Thread] DEBUG GameApplicationServi - Removing overlay from FXGLStartupScene and adding to FXGLLoadingScene
09:53:15.088 [JavaFX Application Thread] DEBUG PrimaryStageWindow   - FXGLStartupScene -> FXGLLoadingScene
09:53:15.088 [JavaFX Application Thread] DEBUG GameApplicationServi - Clearing previous game
09:53:15.088 [JavaFX Application Thread] DEBUG GameScene            - Clearing game scene
09:53:15.089 [JavaFX Application Thread] DEBUG GameWorld            - Clearing game world
09:53:15.089 [JavaFX Application Thread] DEBUG PhysicsWorld         - Clearing physics world
09:53:15.093 [JavaFX Application Thread] DEBUG FXGLApplication      - Registering font factories with UI factory
09:53:15.093 [FXGL Background Thread 4 ] DEBUG FXGLApplication      - Initializing game
09:53:15.154 [FXGL Background Thread 4 ] DEBUG FXGLAssetLoaderServi - Loading from file system: file:/C:/Users/Usuario/OneDrive/Documentos/Game/target/classes/assets/textures/luz/luz_voltear_rojo.PNG
09:53:15.197 [FXGL Background Thread 4 ] WARN  GameWorld            - Entity is already attached to world
09:53:15.199 [FXGL Background Thread 4 ] INFO  FXGLApplication      - Game initialization took: 0.106 sec
09:53:15.229 [JavaFX Application Thread] DEBUG Input                - Clearing active input actions
09:53:15.253 [JavaFX Application Thread] DEBUG GameApplicationServi - Removing overlay from FXGLLoadingScene and adding to GameScene
09:53:15.254 [JavaFX Application Thread] DEBUG PrimaryStageWindow   - FXGLLoadingScene -> GameScene
09:53:17.816 [FXGL Background Thread 3 ] DEBUG Engine               - Logging environment variables
09:53:17.817 [FXGL Background Thread 3 ] DEBUG Engine               - achievements: []
09:53:17.817 [FXGL Background Thread 3 ] DEBUG Engine               - actualHeight: 683.0
09:53:17.817 [FXGL Background Thread 3 ] DEBUG Engine               - actualHeightProperty: ReadOnlyDoubleProperty [value: 683.0]
09:53:17.817 [FXGL Background Thread 3 ] DEBUG Engine               - actualWidth: 1341.0
09:53:17.817 [FXGL Background Thread 3 ] DEBUG Engine               - actualWidthProperty: ReadOnlyDoubleProperty [value: 1341.0]
09:53:17.818 [FXGL Background Thread 3 ] DEBUG Engine               - appIcon: fxgl_icon.png
09:53:17.818 [FXGL Background Thread 3 ] DEBUG Engine               - applicationMode: DEVELOPER
09:53:17.818 [FXGL Background Thread 3 ] DEBUG Engine               - cSSList: [fxgl_dark.css]
09:53:17.818 [FXGL Background Thread 3 ] DEBUG Engine               - collisionDetectionStrategy: BRUTE_FORCE
09:53:17.818 [FXGL Background Thread 3 ] DEBUG Engine               - configClass: Optional.empty
09:53:17.818 [FXGL Background Thread 3 ] DEBUG Engine               - credits: []
09:53:17.819 [FXGL Background Thread 3 ] DEBUG Engine               - defaultCursor: CursorInfo(imageName=fxgl_default_cursor.png, hotspotX=7.0, hotspotY=6.0)
09:53:17.819 [FXGL Background Thread 3 ] DEBUG Engine               - devBBoxColorProperty: ObjectProperty [value: 0xff0000ff]
09:53:17.819 [FXGL Background Thread 3 ] DEBUG Engine               - devEnableDebugCameraProperty: BooleanProperty [value: false]
09:53:17.820 [FXGL Background Thread 3 ] DEBUG Engine               - devSensorColorProperty: ObjectProperty [value: 0xffff00ff]
09:53:17.820 [FXGL Background Thread 3 ] DEBUG Engine               - devShowBBoxProperty: BooleanProperty [value: false]
09:53:17.820 [FXGL Background Thread 3 ] DEBUG Engine               - devShowPositionProperty: BooleanProperty [value: false]
09:53:17.820 [FXGL Background Thread 3 ] DEBUG Engine               - enabledMenuItems: []
09:53:17.820 [FXGL Background Thread 3 ] DEBUG Engine               - engineServices: [class com.almasb.fxgl.app.services.FXGLAssetLoaderService, class com.almasb.fxgl.app.FXGLApplication$GameApplicationService, class com.almasb.fxgl.app.services.FXGLDialogService, class com.almasb.fxgl.app.services.IOTaskExecutorService, class com.almasb.fxgl.io.FileSystemService, class com.almasb.fxgl.localization.LocalizationService, class com.almasb.fxgl.app.services.SystemBundleService, class com.almasb.fxgl.profile.SaveLoadService, class com.almasb.fxgl.ui.FXGLUIFactoryServiceProvider, class com.almasb.fxgl.ui.FXGLDialogFactoryServiceProvider, class com.almasb.fxgl.audio.AudioPlayer, class com.almasb.fxgl.notification.impl.NotificationServiceProvider, class com.almasb.fxgl.achievement.AchievementService, class com.almasb.fxgl.cutscene.CutsceneService, class com.almasb.fxgl.minigames.MiniGameService, class com.almasb.fxgl.net.NetService, class com.almasb.fxgl.app.services.UpdaterService, class com.almasb.fxgl.dev.DevService]
09:53:17.820 [FXGL Background Thread 3 ] DEBUG Engine               - fontGame: Abel-Regular.ttf
09:53:17.820 [FXGL Background Thread 3 ] DEBUG Engine               - fontMono: TerminalLandMono-Regular.otf
09:53:17.820 [FXGL Background Thread 3 ] DEBUG Engine               - fontSizeScaleUI: 1.0
09:53:17.821 [FXGL Background Thread 3 ] DEBUG Engine               - fontText: Courier-Prime.ttf
09:53:17.821 [FXGL Background Thread 3 ] DEBUG Engine               - fontUI: VarelaRound-Regular.ttf
09:53:17.821 [FXGL Background Thread 3 ] DEBUG Engine               - fullScreen: BooleanProperty [value: false]
09:53:17.821 [FXGL Background Thread 3 ] DEBUG Engine               - gameDifficulty: MEDIUM
09:53:17.821 [FXGL Background Thread 3 ] DEBUG Engine               - gameDifficultyProperty: ObjectProperty [value: MEDIUM]
09:53:17.821 [FXGL Background Thread 3 ] DEBUG Engine               - globalMusicVolume: 0.5
09:53:17.821 [FXGL Background Thread 3 ] DEBUG Engine               - globalMusicVolumeProperty: DoubleProperty [value: 0.5]
09:53:17.822 [FXGL Background Thread 3 ] DEBUG Engine               - globalSoundVolume: 0.5
09:53:17.822 [FXGL Background Thread 3 ] DEBUG Engine               - globalSoundVolumeProperty: DoubleProperty [value: 0.5]
09:53:17.822 [FXGL Background Thread 3 ] DEBUG Engine               - height: 700
09:53:17.822 [FXGL Background Thread 3 ] DEBUG Engine               - is3D: false
09:53:17.822 [FXGL Background Thread 3 ] DEBUG Engine               - isAndroid: false
09:53:17.822 [FXGL Background Thread 3 ] DEBUG Engine               - isBrowser: false
09:53:17.822 [FXGL Background Thread 3 ] DEBUG Engine               - isClickFeedbackEnabled: false
09:53:17.823 [FXGL Background Thread 3 ] DEBUG Engine               - isCloseConfirmation: false
09:53:17.823 [FXGL Background Thread 3 ] DEBUG Engine               - isDesktop: true
09:53:17.823 [FXGL Background Thread 3 ] DEBUG Engine               - isDeveloperMenuEnabled: false
09:53:17.823 [FXGL Background Thread 3 ] DEBUG Engine               - isEmbedded: false
09:53:17.823 [FXGL Background Thread 3 ] DEBUG Engine               - isEntityPreloadEnabled: true
09:53:17.823 [FXGL Background Thread 3 ] DEBUG Engine               - isExperimentalTiledLargeMap: false
09:53:17.823 [FXGL Background Thread 3 ] DEBUG Engine               - isFileSystemWriteAllowed: true
09:53:17.823 [FXGL Background Thread 3 ] DEBUG Engine               - isFullScreenAllowed: false
09:53:17.824 [FXGL Background Thread 3 ] DEBUG Engine               - isFullScreenFromStart: false
09:53:17.824 [FXGL Background Thread 3 ] DEBUG Engine               - isGameMenuEnabled: true
09:53:17.824 [FXGL Background Thread 3 ] DEBUG Engine               - isIOS: false
09:53:17.824 [FXGL Background Thread 3 ] DEBUG Engine               - isIntroEnabled: false
09:53:17.824 [FXGL Background Thread 3 ] DEBUG Engine               - isLinux: false
09:53:17.824 [FXGL Background Thread 3 ] DEBUG Engine               - isMac: false
09:53:17.824 [FXGL Background Thread 3 ] DEBUG Engine               - isMainMenuEnabled: false
09:53:17.824 [FXGL Background Thread 3 ] DEBUG Engine               - isManualResizeEnabled: false
09:53:17.824 [FXGL Background Thread 3 ] DEBUG Engine               - isMobile: false
09:53:17.825 [FXGL Background Thread 3 ] DEBUG Engine               - isNative: false
09:53:17.825 [FXGL Background Thread 3 ] DEBUG Engine               - isPauseMusicWhenMinimized: true
09:53:17.825 [FXGL Background Thread 3 ] DEBUG Engine               - isPreserveResizeRatio: false
09:53:17.825 [FXGL Background Thread 3 ] DEBUG Engine               - isProfilingEnabled: false
09:53:17.825 [FXGL Background Thread 3 ] DEBUG Engine               - isScaleAffectedOnResize: true
09:53:17.825 [FXGL Background Thread 3 ] DEBUG Engine               - isSingleStep: false
09:53:17.825 [FXGL Background Thread 3 ] DEBUG Engine               - isUserProfileEnabled: false
09:53:17.825 [FXGL Background Thread 3 ] DEBUG Engine               - isWindows: true
09:53:17.826 [FXGL Background Thread 3 ] DEBUG Engine               - language: ObjectProperty [value: ENGLISH]
09:53:17.826 [FXGL Background Thread 3 ] DEBUG Engine               - menuKey: ESCAPE
09:53:17.826 [FXGL Background Thread 3 ] DEBUG Engine               - mouseSensitivity: 0.2
09:53:17.826 [FXGL Background Thread 3 ] DEBUG Engine               - notificationViewClass: class com.almasb.fxgl.notification.view.XboxNotificationView
09:53:17.826 [FXGL Background Thread 3 ] DEBUG Engine               - pixelsPerMeter: 50.0
09:53:17.826 [FXGL Background Thread 3 ] DEBUG Engine               - platform: WINDOWS
09:53:17.827 [FXGL Background Thread 3 ] DEBUG Engine               - prefHeightProperty: ReadOnlyDoubleProperty [value: 700.0]
09:53:17.827 [FXGL Background Thread 3 ] DEBUG Engine               - prefWidthProperty: ReadOnlyDoubleProperty [value: 1400.0]
09:53:17.827 [FXGL Background Thread 3 ] DEBUG Engine               - profileDir: profiles/
09:53:17.827 [FXGL Background Thread 3 ] DEBUG Engine               - profileName: StringProperty [value: DEFAULT]
09:53:17.827 [FXGL Background Thread 3 ] DEBUG Engine               - randomSeed: -1
09:53:17.828 [FXGL Background Thread 3 ] DEBUG Engine               - runtimeInfo: RuntimeInfo(platform=WINDOWS, version=21.1, build=27.03.2024 07.52)
09:53:17.828 [FXGL Background Thread 3 ] DEBUG Engine               - saveFileExt: sav
09:53:17.828 [FXGL Background Thread 3 ] DEBUG Engine               - scaledHeightProp$fxgl: DoubleProperty [bound, value: 683.0]
09:53:17.828 [FXGL Background Thread 3 ] DEBUG Engine               - scaledWidthProp$fxgl: DoubleProperty [bound, value: 1341.0]
09:53:17.828 [FXGL Background Thread 3 ] DEBUG Engine               - sceneFactory: com.almasb.fxgl.app.scene.SceneFactory@111bcd09
09:53:17.828 [FXGL Background Thread 3 ] DEBUG Engine               - secondsIn24h: 60
09:53:17.828 [FXGL Background Thread 3 ] DEBUG Engine               - soundMenuBack: menu/back.wav
09:53:17.829 [FXGL Background Thread 3 ] DEBUG Engine               - soundMenuPress: menu/press.wav
09:53:17.829 [FXGL Background Thread 3 ] DEBUG Engine               - soundMenuSelect: menu/select.wav
09:53:17.829 [FXGL Background Thread 3 ] DEBUG Engine               - soundNotification: core/notification.wav
09:53:17.829 [FXGL Background Thread 3 ] DEBUG Engine               - stageStyle: DECORATED
09:53:17.829 [FXGL Background Thread 3 ] DEBUG Engine               - supportedLanguages: [ENGLISH, FRENCH, GERMAN, HUNGARIAN, RUSSIAN]
09:53:17.829 [FXGL Background Thread 3 ] DEBUG Engine               - ticksPerSecond: -1
09:53:17.829 [FXGL Background Thread 3 ] DEBUG Engine               - title: Untitled
09:53:17.830 [FXGL Background Thread 3 ] DEBUG Engine               - urlGithub: https://github.com/AlmasB/FXGL
09:53:17.830 [FXGL Background Thread 3 ] DEBUG Engine               - urlLeaderboard: http://fxgl-top.herokuapp.com/
09:53:17.830 [FXGL Background Thread 3 ] DEBUG Engine               - urlPOM: https://raw.githubusercontent.com/AlmasB/FXGL/release/README.md
09:53:17.830 [FXGL Background Thread 3 ] DEBUG Engine               - userAppClass: class GameSettings.GameApp
09:53:17.830 [FXGL Background Thread 3 ] DEBUG Engine               - version: 0.0
09:53:17.830 [FXGL Background Thread 3 ] DEBUG Engine               - versionCheckDays: 7
09:53:17.830 [FXGL Background Thread 3 ] DEBUG Engine               - width: 1400
09:53:17.830 [FXGL Background Thread 3 ] DEBUG Engine               - Logging services
09:53:17.831 [FXGL Background Thread 3 ] DEBUG Engine               - class com.almasb.fxgl.app.services.FXGLAssetLoaderService
09:53:17.831 [FXGL Background Thread 3 ] DEBUG Engine               - class com.almasb.fxgl.app.FXGLApplication$GameApplicationService
09:53:17.831 [FXGL Background Thread 3 ] DEBUG Engine               - class com.almasb.fxgl.app.services.FXGLDialogService
09:53:17.831 [FXGL Background Thread 3 ] DEBUG Engine               - class com.almasb.fxgl.app.services.IOTaskExecutorService
09:53:17.831 [FXGL Background Thread 3 ] DEBUG Engine               - class com.almasb.fxgl.io.FileSystemService
09:53:17.831 [FXGL Background Thread 3 ] DEBUG Engine               - class com.almasb.fxgl.localization.LocalizationService
09:53:17.831 [FXGL Background Thread 3 ] DEBUG Engine               - class com.almasb.fxgl.app.services.SystemBundleService
09:53:17.831 [FXGL Background Thread 3 ] DEBUG Engine               - class com.almasb.fxgl.profile.SaveLoadService
09:53:17.831 [FXGL Background Thread 3 ] DEBUG Engine               - class com.almasb.fxgl.ui.FXGLUIFactoryServiceProvider
09:53:17.832 [FXGL Background Thread 3 ] DEBUG Engine               - class com.almasb.fxgl.ui.FXGLDialogFactoryServiceProvider
09:53:17.832 [FXGL Background Thread 3 ] DEBUG Engine               - class com.almasb.fxgl.audio.AudioPlayer
09:53:17.832 [FXGL Background Thread 3 ] DEBUG Engine               - class com.almasb.fxgl.notification.impl.NotificationServiceProvider
09:53:17.832 [FXGL Background Thread 3 ] DEBUG Engine               - class com.almasb.fxgl.achievement.AchievementService
09:53:17.832 [FXGL Background Thread 3 ] DEBUG Engine               - class com.almasb.fxgl.cutscene.CutsceneService
09:53:17.832 [FXGL Background Thread 3 ] DEBUG Engine               - class com.almasb.fxgl.minigames.MiniGameService
09:53:17.832 [FXGL Background Thread 3 ] DEBUG Engine               - class com.almasb.fxgl.net.NetService
09:53:17.832 [FXGL Background Thread 3 ] DEBUG Engine               - class com.almasb.fxgl.app.services.UpdaterService
09:53:17.832 [FXGL Background Thread 3 ] DEBUG Engine               - class com.almasb.fxgl.dev.DevService
09:53:20.006 [JavaFX Application Thread] DEBUG FXGLApplication      - Exiting FXGL
09:53:20.006 [JavaFX Application Thread] DEBUG LoopRunner           - Stopping loop
09:53:20.007 [JavaFX Application Thread] DEBUG SystemBundleService  - Saving FXGL system data
09:53:20.015 [JavaFX Application Thread] DEBUG FileSystemAccess     - Writing to: C:\Users\Usuario\OneDrive\Documentos\Game\system\fxgl.bundle
09:53:20.025 [JavaFX Application Thread] DEBUG Async                - Shutting down background threads
09:53:20.026 [JavaFX Application Thread] DEBUG PrimaryStageWindow   - Closing main window
09:53:20.061 [JavaFX Application Thread] DEBUG Logger               - Closing Logger
