22:16:30.999 [main                     ] DEBUG Logger               - Configured Logger
22:16:31.025 [main                     ] DEBUG GameApplication      - Logging settings
Title: Untitled
Version: 0.0
Width: 1400
Height: 700
Fullscreen: false
Intro: false
Profiling: false
Single step:false
App Mode: DEVELOPER
Menu Key: ESCAPE
Stage Style: DECORATED
Scene Factory: class com.almasb.fxgl.app.scene.SceneFactory

22:16:31.412 [JavaFX Application Thread] DEBUG FXGLApplication      - Initializing FXGL
22:16:31.416 [JavaFX Application Thread] INFO  Engine               - FXGL-21.1 (27.03.2024 07.52) on WINDOWS (J:21.0.5 FX:21.0.1)
22:16:31.416 [JavaFX Application Thread] DEBUG Engine               - JRE Vendor Name: Eclipse Adoptium
22:16:31.417 [JavaFX Application Thread] DEBUG Engine               - Running on OS: Windows 10 version 10.0
22:16:31.417 [JavaFX Application Thread] DEBUG Engine               - Architecture: amd64
22:16:31.417 [JavaFX Application Thread] INFO  Engine               - Source code and latest versions at: https://github.com/AlmasB/FXGL
22:16:31.417 [JavaFX Application Thread] INFO  Engine               -       Ask questions and discuss at: https://github.com/AlmasB/FXGL/discussions
22:16:31.418 [JavaFX Application Thread] INFO  Engine               -              Join the FXGL chat at: https://gitter.im/AlmasB/FXGL
22:16:31.553 [JavaFX Application Thread] DEBUG PrimaryStageWindow   - Creating a JavaFX scene
22:16:31.553 [JavaFX Application Thread] DEBUG PrimaryStageWindow   - Target size > screen size
22:16:31.621 [JavaFX Application Thread] DEBUG PrimaryStageWindow   - Target settings size: 1400.0 x 700.0
22:16:31.621 [JavaFX Application Thread] DEBUG PrimaryStageWindow   - Scaled scene size:    1341.0 x 683.0
22:16:31.621 [JavaFX Application Thread] DEBUG PrimaryStageWindow   - Scaled ratio: (0.9578571428571429, 0.9757142857142858)
22:16:31.623 [JavaFX Application Thread] DEBUG PrimaryStageWindow   - Set initial scene to FXGLStartupScene
22:16:31.628 [JavaFX Application Thread] DEBUG PrimaryStageWindow   - Opening main window
22:16:31.724 [JavaFX Application Thread] DEBUG PrimaryStageWindow   - Window border size: (16.0, 39.0)
22:16:31.725 [JavaFX Application Thread] DEBUG PrimaryStageWindow   - Scaled size: 1341.0 x 683.0
22:16:31.725 [JavaFX Application Thread] DEBUG PrimaryStageWindow   - Scaled ratio: (0.9578571428571429, 0.9757142857142858)
22:16:31.726 [JavaFX Application Thread] DEBUG PrimaryStageWindow   - Scene size: 1341.0 x 683.0
22:16:31.726 [JavaFX Application Thread] DEBUG PrimaryStageWindow   - Stage size: 1357.0 x 722.0
22:16:31.736 [FXGL Background Thread 1 ] DEBUG Engine               - Initializing environment variables
22:16:31.812 [FXGL Background Thread 1 ] DEBUG FXGLAssetLoaderServi - User app class for loading assets: class GameSettings.GameApp
22:16:31.813 [FXGL Background Thread 1 ] DEBUG GameApplicationServi - Applying CSS: fxgl_dark.css
22:16:31.814 [FXGL Background Thread 1 ] DEBUG FXGLAssetLoaderServi - Loading from file system: jar:file:/C:/Users/Usuario/.m2/repository/com/github/almasb/fxgl/21.1/fxgl-21.1.jar!/fxglassets/ui/css/fxgl_dark.css
22:16:31.866 [FXGL Background Thread 1 ] DEBUG GameApplicationServi - Initializing application scenes
22:16:31.962 [FXGL Background Thread 1 ] DEBUG GameWorld            - Game world initialized
22:16:32.199 [FXGL Background Thread 1 ] DEBUG PhysicsWorld         - Physics world initialized: appHeight=700, physics.ppm=50.0
22:16:32.199 [FXGL Background Thread 1 ] DEBUG PhysicsWorld         - Using strategy: BRUTE_FORCE
22:16:32.208 [FXGL Background Thread 1 ] DEBUG GameScene            - Game scene initialized: 1400x700
22:16:32.237 [FXGL Background Thread 1 ] DEBUG FXGL.DefaultMenu     - createMenuBodyGameMenu()
22:16:32.282 [FXGL Background Thread 1 ] DEBUG FXGL.DefaultMenu     - createOptionsMenu()
22:16:32.315 [FXGL Background Thread 1 ] DEBUG FXGLAssetLoaderServi - Loading from file system: jar:file:/C:/Users/Usuario/.m2/repository/com/github/almasb/fxgl/21.1/fxgl-21.1.jar!/fxglassets/textures/particles/smoke.png
22:16:32.646 [FXGL Background Thread 1 ] DEBUG FXGLAssetLoaderServi - Loading from file system: jar:file:/C:/Users/Usuario/.m2/repository/com/github/almasb/fxgl/21.1/fxgl-21.1.jar!/fxglassets/textures/particles/trace_horizontal.png
22:16:32.728 [FXGL Background Thread 1 ] DEBUG GameApplicationServi - Application scenes initialized
22:16:32.764 [FXGL Background Thread 1 ] DEBUG SystemBundleService  - Loading FXGL system data
22:16:32.775 [FXGL Background Thread 1 ] DEBUG FileSystemAccess     - Reading from: C:\Users\Usuario\OneDrive\Documentos\Game\system\fxgl.bundle
22:16:32.799 [FXGL Background Thread 1 ] DEBUG SystemBundleService  - Bundle FXGL: {}
22:16:32.799 [FXGL Background Thread 1 ] DEBUG UpdaterService       - Checking for updates
22:16:32.811 [FXGL Background Thread 4 ] DEBUG FXGLApplication      - Loading fonts
22:16:32.812 [FXGL Background Thread 4 ] DEBUG FXGLAssetLoaderServi - Loading from file system: jar:file:/C:/Users/Usuario/.m2/repository/com/github/almasb/fxgl/21.1/fxgl-21.1.jar!/fxglassets/ui/fonts/VarelaRound-Regular.ttf
22:16:32.815 [FXGL Background Thread 1 ] DEBUG FXGLApplication      - Loading default localization
22:16:32.816 [FXGL Background Thread 1 ] DEBUG FXGLAssetLoaderServi - Loading from file system: jar:file:/C:/Users/Usuario/.m2/repository/com/github/almasb/fxgl/21.1/fxgl-21.1.jar!/fxglassets/languages/english.lang
22:16:32.898 [FXGL Background Thread 1 ] INFO  FXGLApplication      - FXGL initialization took: 1.161 sec
22:16:32.905 [JavaFX Application Thread] DEBUG FXGLAssetLoaderServi - Loading from file system: jar:file:/C:/Users/Usuario/.m2/repository/com/github/almasb/fxgl/21.1/fxgl-21.1.jar!/fxglassets/textures/fxgl_icon.png
22:16:32.910 [FXGL Background Thread 4 ] DEBUG FXGLAssetLoaderServi - Loading from file system: jar:file:/C:/Users/Usuario/.m2/repository/com/github/almasb/fxgl/21.1/fxgl-21.1.jar!/fxglassets/ui/fonts/Abel-Regular.ttf
22:16:32.928 [FXGL Background Thread 4 ] DEBUG FXGLAssetLoaderServi - Loading from file system: jar:file:/C:/Users/Usuario/.m2/repository/com/github/almasb/fxgl/21.1/fxgl-21.1.jar!/fxglassets/ui/fonts/TerminalLandMono-Regular.otf
22:16:32.938 [FXGL Background Thread 4 ] DEBUG FXGLAssetLoaderServi - Loading from file system: jar:file:/C:/Users/Usuario/.m2/repository/com/github/almasb/fxgl/21.1/fxgl-21.1.jar!/fxglassets/ui/fonts/Courier-Prime.ttf
22:16:32.988 [JavaFX Application Thread] DEBUG FXGLAssetLoaderServi - Loading from file system: jar:file:/C:/Users/Usuario/.m2/repository/com/github/almasb/fxgl/21.1/fxgl-21.1.jar!/fxglassets/textures/fxgl_default_cursor.png
22:16:33.025 [JavaFX Application Thread] DEBUG Input                - Registered new binding: Screenshot - CTRL+8
22:16:33.028 [JavaFX Application Thread] DEBUG Input                - Registered new binding: System info dump - CTRL+9
22:16:33.029 [JavaFX Application Thread] DEBUG Input                - Registered new binding: Restart - CTRL+R
22:16:33.033 [JavaFX Application Thread] DEBUG Input                - Registered new binding: Toggle Debug Camera - CTRL+7
22:16:33.040 [JavaFX Application Thread] DEBUG LoopRunner           - Starting loop
22:16:33.040 [JavaFX Application Thread] DEBUG LoopRunner           - Initializing JavaFX AnimationTimerLoop
22:16:33.046 [JavaFX Application Thread] DEBUG GameApplicationServi - Starting new game
22:16:33.047 [JavaFX Application Thread] DEBUG Input                - Clearing active input actions
22:16:33.083 [JavaFX Application Thread] DEBUG GameApplicationServi - Removing overlay from FXGLStartupScene and adding to FXGLLoadingScene
22:16:33.084 [JavaFX Application Thread] DEBUG PrimaryStageWindow   - FXGLStartupScene -> FXGLLoadingScene
22:16:33.084 [JavaFX Application Thread] DEBUG GameApplicationServi - Clearing previous game
22:16:33.085 [JavaFX Application Thread] DEBUG GameScene            - Clearing game scene
22:16:33.085 [JavaFX Application Thread] DEBUG GameWorld            - Clearing game world
22:16:33.085 [JavaFX Application Thread] DEBUG PhysicsWorld         - Clearing physics world
22:16:33.089 [FXGL Background Thread 4 ] DEBUG FXGLApplication      - Initializing game
22:16:33.089 [JavaFX Application Thread] DEBUG FXGLApplication      - Registering font factories with UI factory
22:16:33.122 [FXGL Background Thread 4 ] DEBUG FXGLAssetLoaderServi - Loading from file system: file:/C:/Users/Usuario/OneDrive/Documentos/Game/target/classes/assets/textures/luz/luz_2_rojo.PNG
22:16:33.193 [FXGL Background Thread 4 ] INFO  FXGLApplication      - Game initialization took: 0.103 sec
22:16:33.219 [JavaFX Application Thread] DEBUG Input                - Clearing active input actions
22:16:33.250 [JavaFX Application Thread] DEBUG GameApplicationServi - Removing overlay from FXGLLoadingScene and adding to GameScene
22:16:33.251 [JavaFX Application Thread] DEBUG PrimaryStageWindow   - FXGLLoadingScene -> GameScene
22:16:35.807 [FXGL Background Thread 3 ] DEBUG Engine               - Logging environment variables
22:16:35.809 [FXGL Background Thread 3 ] DEBUG Engine               - achievements: []
22:16:35.810 [FXGL Background Thread 3 ] DEBUG Engine               - actualHeight: 683.0
22:16:35.810 [FXGL Background Thread 3 ] DEBUG Engine               - actualHeightProperty: ReadOnlyDoubleProperty [value: 683.0]
22:16:35.810 [FXGL Background Thread 3 ] DEBUG Engine               - actualWidth: 1341.0
22:16:35.811 [FXGL Background Thread 3 ] DEBUG Engine               - actualWidthProperty: ReadOnlyDoubleProperty [value: 1341.0]
22:16:35.811 [FXGL Background Thread 3 ] DEBUG Engine               - appIcon: fxgl_icon.png
22:16:35.811 [FXGL Background Thread 3 ] DEBUG Engine               - applicationMode: DEVELOPER
22:16:35.811 [FXGL Background Thread 3 ] DEBUG Engine               - cSSList: [fxgl_dark.css]
22:16:35.812 [FXGL Background Thread 3 ] DEBUG Engine               - collisionDetectionStrategy: BRUTE_FORCE
22:16:35.812 [FXGL Background Thread 3 ] DEBUG Engine               - configClass: Optional.empty
22:16:35.812 [FXGL Background Thread 3 ] DEBUG Engine               - credits: []
22:16:35.813 [FXGL Background Thread 3 ] DEBUG Engine               - defaultCursor: CursorInfo(imageName=fxgl_default_cursor.png, hotspotX=7.0, hotspotY=6.0)
22:16:35.814 [FXGL Background Thread 3 ] DEBUG Engine               - devBBoxColorProperty: ObjectProperty [value: 0xff0000ff]
22:16:35.814 [FXGL Background Thread 3 ] DEBUG Engine               - devEnableDebugCameraProperty: BooleanProperty [value: false]
22:16:35.815 [FXGL Background Thread 3 ] DEBUG Engine               - devSensorColorProperty: ObjectProperty [value: 0xffff00ff]
22:16:35.815 [FXGL Background Thread 3 ] DEBUG Engine               - devShowBBoxProperty: BooleanProperty [value: false]
22:16:35.816 [FXGL Background Thread 3 ] DEBUG Engine               - devShowPositionProperty: BooleanProperty [value: false]
22:16:35.816 [FXGL Background Thread 3 ] DEBUG Engine               - enabledMenuItems: []
22:16:35.816 [FXGL Background Thread 3 ] DEBUG Engine               - engineServices: [class com.almasb.fxgl.app.services.FXGLAssetLoaderService, class com.almasb.fxgl.app.FXGLApplication$GameApplicationService, class com.almasb.fxgl.app.services.FXGLDialogService, class com.almasb.fxgl.app.services.IOTaskExecutorService, class com.almasb.fxgl.io.FileSystemService, class com.almasb.fxgl.localization.LocalizationService, class com.almasb.fxgl.app.services.SystemBundleService, class com.almasb.fxgl.profile.SaveLoadService, class com.almasb.fxgl.ui.FXGLUIFactoryServiceProvider, class com.almasb.fxgl.ui.FXGLDialogFactoryServiceProvider, class com.almasb.fxgl.audio.AudioPlayer, class com.almasb.fxgl.notification.impl.NotificationServiceProvider, class com.almasb.fxgl.achievement.AchievementService, class com.almasb.fxgl.cutscene.CutsceneService, class com.almasb.fxgl.minigames.MiniGameService, class com.almasb.fxgl.net.NetService, class com.almasb.fxgl.app.services.UpdaterService, class com.almasb.fxgl.dev.DevService]
22:16:35.817 [FXGL Background Thread 3 ] DEBUG Engine               - fontGame: Abel-Regular.ttf
22:16:35.817 [FXGL Background Thread 3 ] DEBUG Engine               - fontMono: TerminalLandMono-Regular.otf
22:16:35.817 [FXGL Background Thread 3 ] DEBUG Engine               - fontSizeScaleUI: 1.0
22:16:35.817 [FXGL Background Thread 3 ] DEBUG Engine               - fontText: Courier-Prime.ttf
22:16:35.818 [FXGL Background Thread 3 ] DEBUG Engine               - fontUI: VarelaRound-Regular.ttf
22:16:35.818 [FXGL Background Thread 3 ] DEBUG Engine               - fullScreen: BooleanProperty [value: false]
22:16:35.818 [FXGL Background Thread 3 ] DEBUG Engine               - gameDifficulty: MEDIUM
22:16:35.818 [FXGL Background Thread 3 ] DEBUG Engine               - gameDifficultyProperty: ObjectProperty [value: MEDIUM]
22:16:35.819 [FXGL Background Thread 3 ] DEBUG Engine               - globalMusicVolume: 0.5
22:16:35.819 [FXGL Background Thread 3 ] DEBUG Engine               - globalMusicVolumeProperty: DoubleProperty [value: 0.5]
22:16:35.820 [FXGL Background Thread 3 ] DEBUG Engine               - globalSoundVolume: 0.5
22:16:35.820 [FXGL Background Thread 3 ] DEBUG Engine               - globalSoundVolumeProperty: DoubleProperty [value: 0.5]
22:16:35.820 [FXGL Background Thread 3 ] DEBUG Engine               - height: 700
22:16:35.820 [FXGL Background Thread 3 ] DEBUG Engine               - is3D: false
22:16:35.821 [FXGL Background Thread 3 ] DEBUG Engine               - isAndroid: false
22:16:35.821 [FXGL Background Thread 3 ] DEBUG Engine               - isBrowser: false
22:16:35.821 [FXGL Background Thread 3 ] DEBUG Engine               - isClickFeedbackEnabled: false
22:16:35.821 [FXGL Background Thread 3 ] DEBUG Engine               - isCloseConfirmation: false
22:16:35.821 [FXGL Background Thread 3 ] DEBUG Engine               - isDesktop: true
22:16:35.822 [FXGL Background Thread 3 ] DEBUG Engine               - isDeveloperMenuEnabled: false
22:16:35.822 [FXGL Background Thread 3 ] DEBUG Engine               - isEmbedded: false
22:16:35.822 [FXGL Background Thread 3 ] DEBUG Engine               - isEntityPreloadEnabled: true
22:16:35.823 [FXGL Background Thread 3 ] DEBUG Engine               - isExperimentalTiledLargeMap: false
22:16:35.823 [FXGL Background Thread 3 ] DEBUG Engine               - isFileSystemWriteAllowed: true
22:16:35.823 [FXGL Background Thread 3 ] DEBUG Engine               - isFullScreenAllowed: false
22:16:35.823 [FXGL Background Thread 3 ] DEBUG Engine               - isFullScreenFromStart: false
22:16:35.823 [FXGL Background Thread 3 ] DEBUG Engine               - isGameMenuEnabled: true
22:16:35.824 [FXGL Background Thread 3 ] DEBUG Engine               - isIOS: false
22:16:35.824 [FXGL Background Thread 3 ] DEBUG Engine               - isIntroEnabled: false
22:16:35.824 [FXGL Background Thread 3 ] DEBUG Engine               - isLinux: false
22:16:35.824 [FXGL Background Thread 3 ] DEBUG Engine               - isMac: false
22:16:35.825 [FXGL Background Thread 3 ] DEBUG Engine               - isMainMenuEnabled: false
22:16:35.825 [FXGL Background Thread 3 ] DEBUG Engine               - isManualResizeEnabled: false
22:16:35.825 [FXGL Background Thread 3 ] DEBUG Engine               - isMobile: false
22:16:35.825 [FXGL Background Thread 3 ] DEBUG Engine               - isNative: false
22:16:35.826 [FXGL Background Thread 3 ] DEBUG Engine               - isPauseMusicWhenMinimized: true
22:16:35.826 [FXGL Background Thread 3 ] DEBUG Engine               - isPreserveResizeRatio: false
22:16:35.826 [FXGL Background Thread 3 ] DEBUG Engine               - isProfilingEnabled: false
22:16:35.827 [FXGL Background Thread 3 ] DEBUG Engine               - isScaleAffectedOnResize: true
22:16:35.827 [FXGL Background Thread 3 ] DEBUG Engine               - isSingleStep: false
22:16:35.827 [FXGL Background Thread 3 ] DEBUG Engine               - isUserProfileEnabled: false
22:16:35.827 [FXGL Background Thread 3 ] DEBUG Engine               - isWindows: true
22:16:35.827 [FXGL Background Thread 3 ] DEBUG Engine               - language: ObjectProperty [value: ENGLISH]
22:16:35.828 [FXGL Background Thread 3 ] DEBUG Engine               - menuKey: ESCAPE
22:16:35.828 [FXGL Background Thread 3 ] DEBUG Engine               - mouseSensitivity: 0.2
22:16:35.828 [FXGL Background Thread 3 ] DEBUG Engine               - notificationViewClass: class com.almasb.fxgl.notification.view.XboxNotificationView
22:16:35.828 [FXGL Background Thread 3 ] DEBUG Engine               - pixelsPerMeter: 50.0
22:16:35.829 [FXGL Background Thread 3 ] DEBUG Engine               - platform: WINDOWS
22:16:35.829 [FXGL Background Thread 3 ] DEBUG Engine               - prefHeightProperty: ReadOnlyDoubleProperty [value: 700.0]
22:16:35.829 [FXGL Background Thread 3 ] DEBUG Engine               - prefWidthProperty: ReadOnlyDoubleProperty [value: 1400.0]
22:16:35.829 [FXGL Background Thread 3 ] DEBUG Engine               - profileDir: profiles/
22:16:35.830 [FXGL Background Thread 3 ] DEBUG Engine               - profileName: StringProperty [value: DEFAULT]
22:16:35.830 [FXGL Background Thread 3 ] DEBUG Engine               - randomSeed: -1
22:16:35.831 [FXGL Background Thread 3 ] DEBUG Engine               - runtimeInfo: RuntimeInfo(platform=WINDOWS, version=21.1, build=27.03.2024 07.52)
22:16:35.831 [FXGL Background Thread 3 ] DEBUG Engine               - saveFileExt: sav
22:16:35.832 [FXGL Background Thread 3 ] DEBUG Engine               - scaledHeightProp$fxgl: DoubleProperty [bound, value: 683.0]
22:16:35.832 [FXGL Background Thread 3 ] DEBUG Engine               - scaledWidthProp$fxgl: DoubleProperty [bound, value: 1341.0]
22:16:35.832 [FXGL Background Thread 3 ] DEBUG Engine               - sceneFactory: com.almasb.fxgl.app.scene.SceneFactory@39c13d42
22:16:35.832 [FXGL Background Thread 3 ] DEBUG Engine               - secondsIn24h: 60
22:16:35.832 [FXGL Background Thread 3 ] DEBUG Engine               - soundMenuBack: menu/back.wav
22:16:35.833 [FXGL Background Thread 3 ] DEBUG Engine               - soundMenuPress: menu/press.wav
22:16:35.833 [FXGL Background Thread 3 ] DEBUG Engine               - soundMenuSelect: menu/select.wav
22:16:35.833 [FXGL Background Thread 3 ] DEBUG Engine               - soundNotification: core/notification.wav
22:16:35.833 [FXGL Background Thread 3 ] DEBUG Engine               - stageStyle: DECORATED
22:16:35.833 [FXGL Background Thread 3 ] DEBUG Engine               - supportedLanguages: [ENGLISH, FRENCH, GERMAN, HUNGARIAN, RUSSIAN]
22:16:35.834 [FXGL Background Thread 3 ] DEBUG Engine               - ticksPerSecond: -1
22:16:35.834 [FXGL Background Thread 3 ] DEBUG Engine               - title: Untitled
22:16:35.834 [FXGL Background Thread 3 ] DEBUG Engine               - urlGithub: https://github.com/AlmasB/FXGL
22:16:35.834 [FXGL Background Thread 3 ] DEBUG Engine               - urlLeaderboard: http://fxgl-top.herokuapp.com/
22:16:35.835 [FXGL Background Thread 3 ] DEBUG Engine               - urlPOM: https://raw.githubusercontent.com/AlmasB/FXGL/release/README.md
22:16:35.835 [FXGL Background Thread 3 ] DEBUG Engine               - userAppClass: class GameSettings.GameApp
22:16:35.835 [FXGL Background Thread 3 ] DEBUG Engine               - version: 0.0
22:16:35.835 [FXGL Background Thread 3 ] DEBUG Engine               - versionCheckDays: 7
22:16:35.835 [FXGL Background Thread 3 ] DEBUG Engine               - width: 1400
22:16:35.836 [FXGL Background Thread 3 ] DEBUG Engine               - Logging services
22:16:35.836 [FXGL Background Thread 3 ] DEBUG Engine               - class com.almasb.fxgl.app.services.FXGLAssetLoaderService
22:16:35.836 [FXGL Background Thread 3 ] DEBUG Engine               - class com.almasb.fxgl.app.FXGLApplication$GameApplicationService
22:16:35.836 [FXGL Background Thread 3 ] DEBUG Engine               - class com.almasb.fxgl.app.services.FXGLDialogService
22:16:35.836 [FXGL Background Thread 3 ] DEBUG Engine               - class com.almasb.fxgl.app.services.IOTaskExecutorService
22:16:35.837 [FXGL Background Thread 3 ] DEBUG Engine               - class com.almasb.fxgl.io.FileSystemService
22:16:35.837 [FXGL Background Thread 3 ] DEBUG Engine               - class com.almasb.fxgl.localization.LocalizationService
22:16:35.837 [FXGL Background Thread 3 ] DEBUG Engine               - class com.almasb.fxgl.app.services.SystemBundleService
22:16:35.837 [FXGL Background Thread 3 ] DEBUG Engine               - class com.almasb.fxgl.profile.SaveLoadService
22:16:35.837 [FXGL Background Thread 3 ] DEBUG Engine               - class com.almasb.fxgl.ui.FXGLUIFactoryServiceProvider
22:16:35.838 [FXGL Background Thread 3 ] DEBUG Engine               - class com.almasb.fxgl.ui.FXGLDialogFactoryServiceProvider
22:16:35.838 [FXGL Background Thread 3 ] DEBUG Engine               - class com.almasb.fxgl.audio.AudioPlayer
22:16:35.838 [FXGL Background Thread 3 ] DEBUG Engine               - class com.almasb.fxgl.notification.impl.NotificationServiceProvider
22:16:35.838 [FXGL Background Thread 3 ] DEBUG Engine               - class com.almasb.fxgl.achievement.AchievementService
22:16:35.838 [FXGL Background Thread 3 ] DEBUG Engine               - class com.almasb.fxgl.cutscene.CutsceneService
22:16:35.838 [FXGL Background Thread 3 ] DEBUG Engine               - class com.almasb.fxgl.minigames.MiniGameService
22:16:35.839 [FXGL Background Thread 3 ] DEBUG Engine               - class com.almasb.fxgl.net.NetService
22:16:35.839 [FXGL Background Thread 3 ] DEBUG Engine               - class com.almasb.fxgl.app.services.UpdaterService
22:16:35.839 [FXGL Background Thread 3 ] DEBUG Engine               - class com.almasb.fxgl.dev.DevService
22:16:36.896 [JavaFX Application Thread] DEBUG FXGLApplication      - Exiting FXGL
22:16:36.897 [JavaFX Application Thread] DEBUG LoopRunner           - Stopping loop
22:16:36.897 [JavaFX Application Thread] DEBUG SystemBundleService  - Saving FXGL system data
22:16:36.904 [JavaFX Application Thread] DEBUG FileSystemAccess     - Writing to: C:\Users\Usuario\OneDrive\Documentos\Game\system\fxgl.bundle
22:16:36.914 [JavaFX Application Thread] DEBUG Async                - Shutting down background threads
22:16:36.915 [JavaFX Application Thread] DEBUG PrimaryStageWindow   - Closing main window
22:16:36.946 [JavaFX Application Thread] DEBUG Logger               - Closing Logger
